#
# There is insufficient memory for the Java Runtime Environment to continue.
# Native memory allocation (malloc) failed to allocate 1556336 bytes for Chunk::new
# Possible reasons:
#   The system is out of physical RAM or swap space
#   The process is running with CompressedOops enabled, and the Java Heap may be blocking the growth of the native heap
# Possible solutions:
#   Reduce memory load on the system
#   Increase physical memory or swap space
#   Check if swap backing store is full
#   Decrease Java heap size (-Xmx/-Xms)
#   Decrease number of Java threads
#   Decrease Java thread stack sizes (-Xss)
#   Set larger code cache with -XX:ReservedCodeCacheSize=
#   JVM is running with Unscaled Compressed Oops mode in which the Java heap is
#     placed in the first 4GB address space. The Java Heap base address is the
#     maximum limit for the native heap growth. Please use -XX:HeapBaseMinAddress
#     to set the Java Heap base and to place the Java Heap above 4GB virtual address.
# This output file may be truncated or incomplete.
#
#  Out of Memory Error (arena.cpp:189), pid=20728, tid=7264
#
# JRE version: OpenJDK Runtime Environment (17.0.6) (build 17.0.6+0-b2043.56-9586694)
# Java VM: OpenJDK 64-Bit Server VM (17.0.6+0-b2043.56-9586694, mixed mode, tiered, compressed oops, compressed class ptrs, g1 gc, windows-amd64)
# No core dump will be written. Minidumps are not enabled by default on client versions of Windows
#

---------------  S U M M A R Y ------------

Command Line: --add-opens=java.base/java.util=ALL-UNNAMED --add-opens=java.base/java.lang=ALL-UNNAMED --add-opens=java.base/java.lang.invoke=ALL-UNNAMED --add-opens=java.prefs/java.util.prefs=ALL-UNNAMED --add-opens=java.base/java.nio.charset=ALL-UNNAMED --add-opens=java.base/java.net=ALL-UNNAMED --add-opens=java.base/java.util.concurrent.atomic=ALL-UNNAMED -Xmx2048m -Dfile.encoding=UTF-8 -Duser.country=ES -Duser.language=es -Duser.variant org.gradle.launcher.daemon.bootstrap.GradleDaemon 8.0

Host: Intel(R) Core(TM) i3-9350KF CPU @ 4.00GHz, 4 cores, 15G,  Windows 10 , 64 bit Build 19041 (10.0.19041.3636)
Time: Sun Nov 26 21:46:13 2023 Hora est. Pacífico, Sudamérica elapsed time: 885.499529 seconds (0d 0h 14m 45s)

---------------  T H R E A D  ---------------

Current thread (0x000001df77067b20):  JavaThread "C2 CompilerThread0" daemon [_thread_in_native, id=7264, stack(0x0000009228900000,0x0000009228a00000)]


Current CompileTask:
C2: 885499 20997       4       java.io.ObjectOutputStream::writeClassDesc (60 bytes)

Stack: [0x0000009228900000,0x0000009228a00000]
Native frames: (J=compiled Java code, j=interpreted, Vv=VM code, C=native code)
V  [jvm.dll+0x683b4a]
V  [jvm.dll+0x842654]
V  [jvm.dll+0x843dfe]
V  [jvm.dll+0x844463]
V  [jvm.dll+0x249b75]
V  [jvm.dll+0xabcac]
V  [jvm.dll+0xac27c]
V  [jvm.dll+0x368802]
V  [jvm.dll+0x332f31]
V  [jvm.dll+0x3323da]
V  [jvm.dll+0x21c201]
V  [jvm.dll+0x21b621]
V  [jvm.dll+0x1a4fdd]
V  [jvm.dll+0x22b098]
V  [jvm.dll+0x229159]
V  [jvm.dll+0x7f809c]
V  [jvm.dll+0x7f25fa]
V  [jvm.dll+0x682985]
C  [ucrtbase.dll+0x21bb2]
C  [KERNEL32.DLL+0x17344]
C  [ntdll.dll+0x526b1]


---------------  P R O C E S S  ---------------

Threads class SMR info:
_java_thread_list=0x000001df775b08f0, length=29, elements={
0x000001df5d12b640, 0x000001df770221a0, 0x000001df77022f20, 0x000001df76736070,
0x000001df76739a50, 0x000001df77066670, 0x000001df77066f30, 0x000001df77067b20,
0x000001df770684d0, 0x000001df7706b980, 0x000001df771ea590, 0x000001df771eae70,
0x000001df78a89040, 0x000001df78c807b0, 0x000001df77f1ceb0, 0x000001df775ee700,
0x000001df775ebbb0, 0x000001df775eb6e0, 0x000001df775ee230, 0x000001df775edd60,
0x000001df775eca20, 0x000001df79bfcd90, 0x000001df79bfd260, 0x000001df79bfa240,
0x000001df79bfef40, 0x000001df79bfa710, 0x000001df79cf8b90, 0x000001df7e5f4d40,
0x000001df79cf1810
}

Java Threads: ( => current thread )
  0x000001df5d12b640 JavaThread "main" [_thread_blocked, id=9036, stack(0x0000009227c00000,0x0000009227d00000)]
  0x000001df770221a0 JavaThread "Reference Handler" daemon [_thread_blocked, id=14280, stack(0x0000009228300000,0x0000009228400000)]
  0x000001df77022f20 JavaThread "Finalizer" daemon [_thread_blocked, id=14344, stack(0x0000009228400000,0x0000009228500000)]
  0x000001df76736070 JavaThread "Signal Dispatcher" daemon [_thread_blocked, id=23308, stack(0x0000009228500000,0x0000009228600000)]
  0x000001df76739a50 JavaThread "Attach Listener" daemon [_thread_blocked, id=19788, stack(0x0000009228600000,0x0000009228700000)]
  0x000001df77066670 JavaThread "Service Thread" daemon [_thread_blocked, id=20220, stack(0x0000009228700000,0x0000009228800000)]
  0x000001df77066f30 JavaThread "Monitor Deflation Thread" daemon [_thread_blocked, id=24492, stack(0x0000009228800000,0x0000009228900000)]
=>0x000001df77067b20 JavaThread "C2 CompilerThread0" daemon [_thread_in_native, id=7264, stack(0x0000009228900000,0x0000009228a00000)]
  0x000001df770684d0 JavaThread "C1 CompilerThread0" daemon [_thread_blocked, id=17008, stack(0x0000009228a00000,0x0000009228b00000)]
  0x000001df7706b980 JavaThread "Sweeper thread" daemon [_thread_blocked, id=2020, stack(0x0000009228b00000,0x0000009228c00000)]
  0x000001df771ea590 JavaThread "Common-Cleaner" daemon [_thread_blocked, id=17656, stack(0x0000009228c00000,0x0000009228d00000)]
  0x000001df771eae70 JavaThread "Notification Thread" daemon [_thread_blocked, id=8452, stack(0x0000009228d00000,0x0000009228e00000)]
  0x000001df78a89040 JavaThread "Daemon health stats" [_thread_blocked, id=4436, stack(0x0000009229200000,0x0000009229300000)]
  0x000001df78c807b0 JavaThread "Incoming local TCP Connector on port 58004" [_thread_in_native, id=13900, stack(0x0000009229400000,0x0000009229500000)]
  0x000001df77f1ceb0 JavaThread "Daemon periodic checks" [_thread_blocked, id=15576, stack(0x0000009229500000,0x0000009229600000)]
  0x000001df775ee700 JavaThread "Cache worker for journal cache (C:\Users\Marcelito\.gradle\caches\journal-1)" [_thread_blocked, id=17244, stack(0x0000009229300000,0x0000009229400000)]
  0x000001df775ebbb0 JavaThread "File lock request listener" [_thread_in_native, id=17124, stack(0x0000009229d00000,0x0000009229e00000)]
  0x000001df775eb6e0 JavaThread "Cache worker for file hash cache (C:\Users\Marcelito\.gradle\caches\8.0\fileHashes)" [_thread_blocked, id=13740, stack(0x0000009229e00000,0x0000009229f00000)]
  0x000001df775ee230 JavaThread "File watcher server" daemon [_thread_in_native, id=10572, stack(0x0000009229f00000,0x000000922a000000)]
  0x000001df775edd60 JavaThread "File watcher consumer" daemon [_thread_blocked, id=20648, stack(0x000000922a000000,0x000000922a100000)]
  0x000001df775eca20 JavaThread "Cache worker for file content cache (C:\Users\Marcelito\.gradle\caches\8.0\fileContent)" [_thread_blocked, id=16840, stack(0x000000922a300000,0x000000922a400000)]
  0x000001df79bfcd90 JavaThread "Cache worker for execution history cache (C:\Users\Marcelito\.gradle\caches\8.0\executionHistory)" [_thread_blocked, id=928, stack(0x000000922a600000,0x000000922a700000)]
  0x000001df79bfd260 JavaThread "jar transforms" [_thread_blocked, id=7680, stack(0x000000922a700000,0x000000922a800000)]
  0x000001df79bfa240 JavaThread "jar transforms Thread 2" [_thread_blocked, id=7804, stack(0x000000922a800000,0x000000922a900000)]
  0x000001df79bfef40 JavaThread "jar transforms Thread 3" [_thread_blocked, id=17356, stack(0x000000922aa00000,0x000000922ab00000)]
  0x000001df79bfa710 JavaThread "jar transforms Thread 4" [_thread_blocked, id=24772, stack(0x000000922ac00000,0x000000922ad00000)]
  0x000001df79cf8b90 JavaThread "Memory manager" [_thread_blocked, id=18100, stack(0x000000922d900000,0x000000922da00000)]
  0x000001df7e5f4d40 JavaThread "Daemon Thread 3" [_thread_blocked, id=3632, stack(0x0000009227900000,0x0000009227a00000)]
  0x000001df79cf1810 JavaThread "Daemon worker Thread 3" [_thread_blocked, id=24152, stack(0x0000009229600000,0x0000009229700000)]

Other Threads:
  0x000001df7701e030 VMThread "VM Thread" [stack: 0x0000009228200000,0x0000009228300000] [id=7644]
  0x000001df766db580 WatcherThread [stack: 0x0000009228e00000,0x0000009228f00000] [id=22092]
  0x000001df5d189d40 GCTaskThread "GC Thread#0" [stack: 0x0000009227d00000,0x0000009227e00000] [id=16460]
  0x000001df7736fb10 GCTaskThread "GC Thread#1" [stack: 0x0000009228f00000,0x0000009229000000] [id=24580]
  0x000001df777afaf0 GCTaskThread "GC Thread#2" [stack: 0x0000009229000000,0x0000009229100000] [id=8848]
  0x000001df777afda0 GCTaskThread "GC Thread#3" [stack: 0x0000009229100000,0x0000009229200000] [id=744]
  0x000001df5d19ab90 ConcurrentGCThread "G1 Main Marker" [stack: 0x0000009227e00000,0x0000009227f00000] [id=14904]
  0x000001df5d19bc50 ConcurrentGCThread "G1 Conc#0" [stack: 0x0000009227f00000,0x0000009228000000] [id=19272]
  0x000001df765a8580 ConcurrentGCThread "G1 Refine#0" [stack: 0x0000009228000000,0x0000009228100000] [id=9760]
  0x000001df7a5efd50 ConcurrentGCThread "G1 Refine#1" [stack: 0x000000922a900000,0x000000922aa00000] [id=20508]
  0x000001df765a8c50 ConcurrentGCThread "G1 Service" [stack: 0x0000009228100000,0x0000009228200000] [id=14976]

Threads with active compile tasks:
C2 CompilerThread0   920793 20997       4       java.io.ObjectOutputStream::writeClassDesc (60 bytes)

VM state: not at safepoint (normal execution)

VM Mutex/Monitor currently owned by a thread: None

Heap address: 0x0000000080000000, size: 2048 MB, Compressed Oops mode: 32-bit

CDS archive(s) not mapped
Compressed class space mapped at: 0x0000000100000000-0x0000000140000000, reserved size: 1073741824
Narrow klass base: 0x0000000000000000, Narrow klass shift: 3, Narrow klass range: 0x140000000

GC Precious Log:
 CPUs: 4 total, 4 available
 Memory: 16319M
 Large Page Support: Disabled
 NUMA Support: Disabled
 Compressed Oops: Enabled (32-bit)
 Heap Region Size: 1M
 Heap Min Capacity: 8M
 Heap Initial Capacity: 256M
 Heap Max Capacity: 2G
 Pre-touch: Disabled
 Parallel Workers: 4
 Concurrent Workers: 1
 Concurrent Refinement Workers: 4
 Periodic GC: Disabled

Heap:
 garbage-first heap   total 342016K, used 138447K [0x0000000080000000, 0x0000000100000000)
  region size 1024K, 16 young (16384K), 2 survivors (2048K)
 Metaspace       used 128680K, committed 129664K, reserved 1163264K
  class space    used 17398K, committed 17856K, reserved 1048576K

Heap Regions: E=young(eden), S=young(survivor), O=old, HS=humongous(starts), HC=humongous(continues), CS=collection set, F=free, OA=open archive, CA=closed archive, TAMS=top-at-mark-start (previous, next)
|   0|0x0000000080000000, 0x0000000080100000, 0x0000000080100000|100%| O|  |TAMS 0x0000000080100000, 0x0000000080000000| Untracked 
|   1|0x0000000080100000, 0x0000000080200000, 0x0000000080200000|100%| O|  |TAMS 0x0000000080200000, 0x0000000080100000| Untracked 
|   2|0x0000000080200000, 0x0000000080300000, 0x0000000080300000|100%|HS|  |TAMS 0x0000000080300000, 0x0000000080200000| Complete 
|   3|0x0000000080300000, 0x0000000080400000, 0x0000000080400000|100%|HC|  |TAMS 0x0000000080400000, 0x0000000080300000| Complete 
|   4|0x0000000080400000, 0x0000000080500000, 0x0000000080500000|100%|HC|  |TAMS 0x0000000080500000, 0x0000000080400000| Complete 
|   5|0x0000000080500000, 0x0000000080600000, 0x0000000080600000|100%|HC|  |TAMS 0x0000000080600000, 0x0000000080500000| Complete 
|   6|0x0000000080600000, 0x0000000080700000, 0x0000000080700000|100%| O|  |TAMS 0x0000000080700000, 0x0000000080600000| Untracked 
|   7|0x0000000080700000, 0x0000000080800000, 0x0000000080800000|100%| O|  |TAMS 0x0000000080800000, 0x0000000080700000| Untracked 
|   8|0x0000000080800000, 0x0000000080900000, 0x0000000080900000|100%| O|  |TAMS 0x0000000080900000, 0x0000000080800000| Untracked 
|   9|0x0000000080900000, 0x0000000080a00000, 0x0000000080a00000|100%| O|  |TAMS 0x0000000080a00000, 0x0000000080900000| Untracked 
|  10|0x0000000080a00000, 0x0000000080b00000, 0x0000000080b00000|100%| O|  |TAMS 0x0000000080b00000, 0x0000000080a00000| Untracked 
|  11|0x0000000080b00000, 0x0000000080c00000, 0x0000000080c00000|100%| O|  |TAMS 0x0000000080c00000, 0x0000000080b00000| Untracked 
|  12|0x0000000080c00000, 0x0000000080d00000, 0x0000000080d00000|100%| O|  |TAMS 0x0000000080d00000, 0x0000000080c00000| Untracked 
|  13|0x0000000080d00000, 0x0000000080e00000, 0x0000000080e00000|100%| O|  |TAMS 0x0000000080e00000, 0x0000000080d00000| Untracked 
|  14|0x0000000080e00000, 0x0000000080f00000, 0x0000000080f00000|100%| O|  |TAMS 0x0000000080f00000, 0x0000000080e00000| Untracked 
|  15|0x0000000080f00000, 0x0000000081000000, 0x0000000081000000|100%| O|  |TAMS 0x0000000081000000, 0x0000000080f00000| Untracked 
|  16|0x0000000081000000, 0x0000000081100000, 0x0000000081100000|100%| O|  |TAMS 0x0000000081100000, 0x0000000081000000| Untracked 
|  17|0x0000000081100000, 0x0000000081200000, 0x0000000081200000|100%| O|  |TAMS 0x0000000081200000, 0x0000000081100000| Untracked 
|  18|0x0000000081200000, 0x0000000081300000, 0x0000000081300000|100%| O|  |TAMS 0x0000000081300000, 0x0000000081200000| Untracked 
|  19|0x0000000081300000, 0x0000000081400000, 0x0000000081400000|100%| O|  |TAMS 0x0000000081400000, 0x0000000081300000| Untracked 
|  20|0x0000000081400000, 0x0000000081500000, 0x0000000081500000|100%| O|  |TAMS 0x0000000081500000, 0x0000000081400000| Untracked 
|  21|0x0000000081500000, 0x0000000081600000, 0x0000000081600000|100%| O|  |TAMS 0x0000000081600000, 0x0000000081500000| Untracked 
|  22|0x0000000081600000, 0x0000000081700000, 0x0000000081700000|100%| O|  |TAMS 0x0000000081700000, 0x0000000081600000| Untracked 
|  23|0x0000000081700000, 0x0000000081800000, 0x0000000081800000|100%| O|  |TAMS 0x0000000081800000, 0x0000000081700000| Untracked 
|  24|0x0000000081800000, 0x0000000081900000, 0x0000000081900000|100%| O|  |TAMS 0x0000000081900000, 0x0000000081800000| Untracked 
|  25|0x0000000081900000, 0x0000000081a00000, 0x0000000081a00000|100%| O|  |TAMS 0x0000000081a00000, 0x0000000081900000| Untracked 
|  26|0x0000000081a00000, 0x0000000081b00000, 0x0000000081b00000|100%| O|  |TAMS 0x0000000081b00000, 0x0000000081a00000| Untracked 
|  27|0x0000000081b00000, 0x0000000081c00000, 0x0000000081c00000|100%| O|  |TAMS 0x0000000081c00000, 0x0000000081b00000| Untracked 
|  28|0x0000000081c00000, 0x0000000081d00000, 0x0000000081d00000|100%| O|  |TAMS 0x0000000081d00000, 0x0000000081c00000| Untracked 
|  29|0x0000000081d00000, 0x0000000081e00000, 0x0000000081e00000|100%| O|  |TAMS 0x0000000081e00000, 0x0000000081d00000| Untracked 
|  30|0x0000000081e00000, 0x0000000081f00000, 0x0000000081f00000|100%| O|  |TAMS 0x0000000081f00000, 0x0000000081e00000| Untracked 
|  31|0x0000000081f00000, 0x0000000082000000, 0x0000000082000000|100%| O|  |TAMS 0x0000000082000000, 0x0000000081f00000| Untracked 
|  32|0x0000000082000000, 0x0000000082100000, 0x0000000082100000|100%| O|  |TAMS 0x0000000082100000, 0x0000000082000000| Untracked 
|  33|0x0000000082100000, 0x0000000082200000, 0x0000000082200000|100%| O|  |TAMS 0x0000000082200000, 0x0000000082100000| Untracked 
|  34|0x0000000082200000, 0x0000000082300000, 0x0000000082300000|100%| O|  |TAMS 0x0000000082300000, 0x0000000082200000| Untracked 
|  35|0x0000000082300000, 0x0000000082400000, 0x0000000082400000|100%| O|  |TAMS 0x0000000082400000, 0x0000000082300000| Untracked 
|  36|0x0000000082400000, 0x0000000082500000, 0x0000000082500000|100%| O|  |TAMS 0x0000000082400000, 0x0000000082400000| Untracked 
|  37|0x0000000082500000, 0x0000000082600000, 0x0000000082600000|100%| O|  |TAMS 0x0000000082600000, 0x0000000082500000| Untracked 
|  38|0x0000000082600000, 0x0000000082700000, 0x0000000082700000|100%|HS|  |TAMS 0x0000000082700000, 0x0000000082600000| Complete 
|  39|0x0000000082700000, 0x0000000082800000, 0x0000000082800000|100%| O|  |TAMS 0x0000000082800000, 0x0000000082700000| Untracked 
|  40|0x0000000082800000, 0x0000000082900000, 0x0000000082900000|100%| O|  |TAMS 0x0000000082900000, 0x0000000082800000| Untracked 
|  41|0x0000000082900000, 0x0000000082a00000, 0x0000000082a00000|100%|HS|  |TAMS 0x0000000082a00000, 0x0000000082900000| Complete 
|  42|0x0000000082a00000, 0x0000000082b00000, 0x0000000082b00000|100%|HC|  |TAMS 0x0000000082b00000, 0x0000000082a00000| Complete 
|  43|0x0000000082b00000, 0x0000000082c00000, 0x0000000082c00000|100%|HS|  |TAMS 0x0000000082c00000, 0x0000000082b00000| Complete 
|  44|0x0000000082c00000, 0x0000000082d00000, 0x0000000082d00000|100%|HS|  |TAMS 0x0000000082d00000, 0x0000000082c00000| Complete 
|  45|0x0000000082d00000, 0x0000000082e00000, 0x0000000082e00000|100%|HC|  |TAMS 0x0000000082e00000, 0x0000000082d00000| Complete 
|  46|0x0000000082e00000, 0x0000000082f00000, 0x0000000082f00000|100%|HC|  |TAMS 0x0000000082f00000, 0x0000000082e00000| Complete 
|  47|0x0000000082f00000, 0x0000000083000000, 0x0000000083000000|100%|HC|  |TAMS 0x0000000083000000, 0x0000000082f00000| Complete 
|  48|0x0000000083000000, 0x0000000083100000, 0x0000000083100000|100%| O|  |TAMS 0x0000000083100000, 0x0000000083000000| Untracked 
|  49|0x0000000083100000, 0x0000000083200000, 0x0000000083200000|100%| O|  |TAMS 0x0000000083200000, 0x0000000083100000| Untracked 
|  50|0x0000000083200000, 0x0000000083300000, 0x0000000083300000|100%| O|  |TAMS 0x0000000083300000, 0x0000000083200000| Untracked 
|  51|0x0000000083300000, 0x0000000083400000, 0x0000000083400000|100%| O|  |TAMS 0x0000000083400000, 0x0000000083300000| Untracked 
|  52|0x0000000083400000, 0x0000000083500000, 0x0000000083500000|100%| O|  |TAMS 0x0000000083500000, 0x0000000083400000| Untracked 
|  53|0x0000000083500000, 0x0000000083600000, 0x0000000083600000|100%| O|  |TAMS 0x0000000083600000, 0x0000000083500000| Untracked 
|  54|0x0000000083600000, 0x0000000083700000, 0x0000000083700000|100%| O|  |TAMS 0x0000000083700000, 0x0000000083600000| Untracked 
|  55|0x0000000083700000, 0x0000000083800000, 0x0000000083800000|100%| O|  |TAMS 0x0000000083800000, 0x0000000083700000| Untracked 
|  56|0x0000000083800000, 0x0000000083900000, 0x0000000083900000|100%| O|  |TAMS 0x0000000083900000, 0x0000000083800000| Untracked 
|  57|0x0000000083900000, 0x0000000083a00000, 0x0000000083a00000|100%| O|  |TAMS 0x0000000083a00000, 0x0000000083900000| Untracked 
|  58|0x0000000083a00000, 0x0000000083b00000, 0x0000000083b00000|100%| O|  |TAMS 0x0000000083b00000, 0x0000000083a00000| Untracked 
|  59|0x0000000083b00000, 0x0000000083c00000, 0x0000000083c00000|100%| O|  |TAMS 0x0000000083c00000, 0x0000000083b00000| Untracked 
|  60|0x0000000083c00000, 0x0000000083d00000, 0x0000000083d00000|100%| O|  |TAMS 0x0000000083d00000, 0x0000000083c00000| Untracked 
|  61|0x0000000083d00000, 0x0000000083e00000, 0x0000000083e00000|100%| O|  |TAMS 0x0000000083e00000, 0x0000000083d00000| Untracked 
|  62|0x0000000083e00000, 0x0000000083f00000, 0x0000000083f00000|100%| O|  |TAMS 0x0000000083f00000, 0x0000000083e00000| Untracked 
|  63|0x0000000083f00000, 0x0000000084000000, 0x0000000084000000|100%| O|  |TAMS 0x0000000084000000, 0x0000000083f00000| Untracked 
|  64|0x0000000084000000, 0x0000000084100000, 0x0000000084100000|100%| O|  |TAMS 0x0000000084100000, 0x0000000084000000| Untracked 
|  65|0x0000000084100000, 0x0000000084200000, 0x0000000084200000|100%| O|  |TAMS 0x0000000084200000, 0x0000000084100000| Untracked 
|  66|0x0000000084200000, 0x0000000084300000, 0x0000000084300000|100%| O|  |TAMS 0x0000000084300000, 0x0000000084200000| Untracked 
|  67|0x0000000084300000, 0x0000000084400000, 0x0000000084400000|100%| O|  |TAMS 0x0000000084400000, 0x0000000084300000| Untracked 
|  68|0x0000000084400000, 0x0000000084500000, 0x0000000084500000|100%| O|  |TAMS 0x0000000084500000, 0x0000000084400000| Untracked 
|  69|0x0000000084500000, 0x0000000084600000, 0x0000000084600000|100%| O|  |TAMS 0x0000000084600000, 0x0000000084500000| Untracked 
|  70|0x0000000084600000, 0x0000000084700000, 0x0000000084700000|100%| O|  |TAMS 0x0000000084700000, 0x0000000084600000| Untracked 
|  71|0x0000000084700000, 0x0000000084800000, 0x0000000084800000|100%| O|  |TAMS 0x0000000084800000, 0x0000000084700000| Untracked 
|  72|0x0000000084800000, 0x0000000084900000, 0x0000000084900000|100%| O|  |TAMS 0x0000000084900000, 0x0000000084800000| Untracked 
|  73|0x0000000084900000, 0x0000000084a00000, 0x0000000084a00000|100%| O|  |TAMS 0x0000000084a00000, 0x0000000084900000| Untracked 
|  74|0x0000000084a00000, 0x0000000084b00000, 0x0000000084b00000|100%| O|  |TAMS 0x0000000084b00000, 0x0000000084a00000| Untracked 
|  75|0x0000000084b00000, 0x0000000084c00000, 0x0000000084c00000|100%| O|  |TAMS 0x0000000084c00000, 0x0000000084b00000| Untracked 
|  76|0x0000000084c00000, 0x0000000084d00000, 0x0000000084d00000|100%| O|  |TAMS 0x0000000084d00000, 0x0000000084c00000| Untracked 
|  77|0x0000000084d00000, 0x0000000084e00000, 0x0000000084e00000|100%| O|  |TAMS 0x0000000084e00000, 0x0000000084d00000| Untracked 
|  78|0x0000000084e00000, 0x0000000084f00000, 0x0000000084f00000|100%| O|  |TAMS 0x0000000084f00000, 0x0000000084e00000| Untracked 
|  79|0x0000000084f00000, 0x0000000085000000, 0x0000000085000000|100%| O|  |TAMS 0x0000000085000000, 0x0000000084f00000| Untracked 
|  80|0x0000000085000000, 0x0000000085100000, 0x0000000085100000|100%| O|  |TAMS 0x0000000085100000, 0x0000000085000000| Untracked 
|  81|0x0000000085100000, 0x0000000085200000, 0x0000000085200000|100%| O|  |TAMS 0x0000000085200000, 0x0000000085100000| Untracked 
|  82|0x0000000085200000, 0x0000000085300000, 0x0000000085300000|100%| O|  |TAMS 0x0000000085300000, 0x0000000085200000| Untracked 
|  83|0x0000000085300000, 0x0000000085400000, 0x0000000085400000|100%| O|  |TAMS 0x0000000085400000, 0x0000000085300000| Untracked 
|  84|0x0000000085400000, 0x0000000085500000, 0x0000000085500000|100%| O|  |TAMS 0x0000000085500000, 0x0000000085400000| Untracked 
|  85|0x0000000085500000, 0x0000000085600000, 0x0000000085600000|100%| O|  |TAMS 0x0000000085600000, 0x0000000085500000| Untracked 
|  86|0x0000000085600000, 0x0000000085700000, 0x0000000085700000|100%| O|  |TAMS 0x0000000085700000, 0x0000000085600000| Untracked 
|  87|0x0000000085700000, 0x0000000085800000, 0x0000000085800000|100%| O|  |TAMS 0x0000000085800000, 0x0000000085700000| Untracked 
|  88|0x0000000085800000, 0x0000000085900000, 0x0000000085900000|100%| O|  |TAMS 0x0000000085900000, 0x0000000085800000| Untracked 
|  89|0x0000000085900000, 0x0000000085a00000, 0x0000000085a00000|100%| O|  |TAMS 0x0000000085a00000, 0x0000000085900000| Untracked 
|  90|0x0000000085a00000, 0x0000000085b00000, 0x0000000085b00000|100%| O|  |TAMS 0x0000000085b00000, 0x0000000085a00000| Untracked 
|  91|0x0000000085b00000, 0x0000000085c00000, 0x0000000085c00000|100%| O|  |TAMS 0x0000000085c00000, 0x0000000085b00000| Untracked 
|  92|0x0000000085c00000, 0x0000000085d00000, 0x0000000085d00000|100%| O|  |TAMS 0x0000000085d00000, 0x0000000085c00000| Untracked 
|  93|0x0000000085d00000, 0x0000000085e00000, 0x0000000085e00000|100%| O|  |TAMS 0x0000000085e00000, 0x0000000085d00000| Untracked 
|  94|0x0000000085e00000, 0x0000000085f00000, 0x0000000085f00000|100%| O|  |TAMS 0x0000000085f00000, 0x0000000085e00000| Untracked 
|  95|0x0000000085f00000, 0x0000000085f00000, 0x0000000086000000|  0%| F|  |TAMS 0x0000000085f00000, 0x0000000085f00000| Untracked 
|  96|0x0000000086000000, 0x0000000086100000, 0x0000000086100000|100%| O|  |TAMS 0x0000000086100000, 0x0000000086000000| Untracked 
|  97|0x0000000086100000, 0x0000000086200000, 0x0000000086200000|100%| O|  |TAMS 0x0000000086200000, 0x0000000086100000| Untracked 
|  98|0x0000000086200000, 0x0000000086300000, 0x0000000086300000|100%| O|  |TAMS 0x0000000086200000, 0x0000000086200000| Untracked 
|  99|0x0000000086300000, 0x0000000086400000, 0x0000000086400000|100%| O|  |TAMS 0x0000000086400000, 0x0000000086300000| Untracked 
| 100|0x0000000086400000, 0x0000000086500000, 0x0000000086500000|100%| O|  |TAMS 0x0000000086500000, 0x0000000086400000| Untracked 
| 101|0x0000000086500000, 0x0000000086500000, 0x0000000086600000|  0%| F|  |TAMS 0x0000000086500000, 0x0000000086500000| Untracked 
| 102|0x0000000086600000, 0x0000000086700000, 0x0000000086700000|100%| O|  |TAMS 0x0000000086700000, 0x0000000086600000| Untracked 
| 103|0x0000000086700000, 0x0000000086800000, 0x0000000086800000|100%| O|  |TAMS 0x0000000086800000, 0x0000000086700000| Untracked 
| 104|0x0000000086800000, 0x0000000086900000, 0x0000000086900000|100%| O|  |TAMS 0x0000000086800000, 0x0000000086800000| Untracked 
| 105|0x0000000086900000, 0x0000000086900000, 0x0000000086a00000|  0%| F|  |TAMS 0x0000000086900000, 0x0000000086900000| Untracked 
| 106|0x0000000086a00000, 0x0000000086b00000, 0x0000000086b00000|100%| O|  |TAMS 0x0000000086a00000, 0x0000000086a00000| Untracked 
| 107|0x0000000086b00000, 0x0000000086c00000, 0x0000000086c00000|100%| O|  |TAMS 0x0000000086b00000, 0x0000000086b00000| Untracked 
| 108|0x0000000086c00000, 0x0000000086d00000, 0x0000000086d00000|100%| O|  |TAMS 0x0000000086c00000, 0x0000000086c00000| Untracked 
| 109|0x0000000086d00000, 0x0000000086e00000, 0x0000000086e00000|100%| O|  |TAMS 0x0000000086e00000, 0x0000000086d00000| Untracked 
| 110|0x0000000086e00000, 0x0000000086f00000, 0x0000000086f00000|100%| O|  |TAMS 0x0000000086e00000, 0x0000000086e00000| Untracked 
| 111|0x0000000086f00000, 0x0000000087000000, 0x0000000087000000|100%| O|  |TAMS 0x0000000086f00000, 0x0000000086f00000| Untracked 
| 112|0x0000000087000000, 0x0000000087033c00, 0x0000000087100000| 20%| O|  |TAMS 0x0000000087000000, 0x0000000087000000| Untracked 
| 113|0x0000000087100000, 0x0000000087100000, 0x0000000087200000|  0%| F|  |TAMS 0x0000000087100000, 0x0000000087100000| Untracked 
| 114|0x0000000087200000, 0x0000000087200000, 0x0000000087300000|  0%| F|  |TAMS 0x0000000087200000, 0x0000000087200000| Untracked 
| 115|0x0000000087300000, 0x0000000087300000, 0x0000000087400000|  0%| F|  |TAMS 0x0000000087300000, 0x0000000087300000| Untracked 
| 116|0x0000000087400000, 0x0000000087400000, 0x0000000087500000|  0%| F|  |TAMS 0x0000000087400000, 0x0000000087400000| Untracked 
| 117|0x0000000087500000, 0x0000000087500000, 0x0000000087600000|  0%| F|  |TAMS 0x0000000087500000, 0x0000000087500000| Untracked 
| 118|0x0000000087600000, 0x0000000087600000, 0x0000000087700000|  0%| F|  |TAMS 0x0000000087600000, 0x0000000087600000| Untracked 
| 119|0x0000000087700000, 0x0000000087800000, 0x0000000087800000|100%| O|  |TAMS 0x0000000087800000, 0x0000000087700000| Untracked 
| 120|0x0000000087800000, 0x0000000087800000, 0x0000000087900000|  0%| F|  |TAMS 0x0000000087800000, 0x0000000087800000| Untracked 
| 121|0x0000000087900000, 0x0000000087900000, 0x0000000087a00000|  0%| F|  |TAMS 0x0000000087900000, 0x0000000087900000| Untracked 
| 122|0x0000000087a00000, 0x0000000087a00000, 0x0000000087b00000|  0%| F|  |TAMS 0x0000000087a00000, 0x0000000087a00000| Untracked 
| 123|0x0000000087b00000, 0x0000000087b00000, 0x0000000087c00000|  0%| F|  |TAMS 0x0000000087b00000, 0x0000000087b00000| Untracked 
| 124|0x0000000087c00000, 0x0000000087c00000, 0x0000000087d00000|  0%| F|  |TAMS 0x0000000087c00000, 0x0000000087c00000| Untracked 
| 125|0x0000000087d00000, 0x0000000087e00000, 0x0000000087e00000|100%| O|  |TAMS 0x0000000087e00000, 0x0000000087d00000| Untracked 
| 126|0x0000000087e00000, 0x0000000087e00000, 0x0000000087f00000|  0%| F|  |TAMS 0x0000000087e00000, 0x0000000087e00000| Untracked 
| 127|0x0000000087f00000, 0x0000000087f00000, 0x0000000088000000|  0%| F|  |TAMS 0x0000000087f00000, 0x0000000087f00000| Untracked 
| 128|0x0000000088000000, 0x0000000088000000, 0x0000000088100000|  0%| F|  |TAMS 0x0000000088000000, 0x0000000088000000| Untracked 
| 129|0x0000000088100000, 0x0000000088100000, 0x0000000088200000|  0%| F|  |TAMS 0x0000000088100000, 0x0000000088100000| Untracked 
| 130|0x0000000088200000, 0x0000000088200000, 0x0000000088300000|  0%| F|  |TAMS 0x0000000088200000, 0x0000000088200000| Untracked 
| 131|0x0000000088300000, 0x0000000088300000, 0x0000000088400000|  0%| F|  |TAMS 0x0000000088300000, 0x0000000088300000| Untracked 
| 132|0x0000000088400000, 0x0000000088400000, 0x0000000088500000|  0%| F|  |TAMS 0x0000000088400000, 0x0000000088400000| Untracked 
| 133|0x0000000088500000, 0x0000000088600000, 0x0000000088600000|100%| O|  |TAMS 0x0000000088600000, 0x0000000088500000| Untracked 
| 134|0x0000000088600000, 0x0000000088700000, 0x0000000088700000|100%| O|  |TAMS 0x0000000088700000, 0x0000000088600000| Untracked 
| 135|0x0000000088700000, 0x0000000088800000, 0x0000000088800000|100%| O|  |TAMS 0x0000000088800000, 0x0000000088700000| Untracked 
| 136|0x0000000088800000, 0x0000000088900000, 0x0000000088900000|100%| O|  |TAMS 0x0000000088900000, 0x0000000088800000| Untracked 
| 137|0x0000000088900000, 0x0000000088a00000, 0x0000000088a00000|100%| O|  |TAMS 0x0000000088a00000, 0x0000000088900000| Untracked 
| 138|0x0000000088a00000, 0x0000000088b00000, 0x0000000088b00000|100%| O|  |TAMS 0x0000000088b00000, 0x0000000088a00000| Untracked 
| 139|0x0000000088b00000, 0x0000000088c00000, 0x0000000088c00000|100%| O|  |TAMS 0x0000000088c00000, 0x0000000088b00000| Untracked 
| 140|0x0000000088c00000, 0x0000000088d00000, 0x0000000088d00000|100%| O|  |TAMS 0x0000000088d00000, 0x0000000088c00000| Untracked 
| 141|0x0000000088d00000, 0x0000000088d00000, 0x0000000088e00000|  0%| F|  |TAMS 0x0000000088d00000, 0x0000000088d00000| Untracked 
| 142|0x0000000088e00000, 0x0000000088f00000, 0x0000000088f00000|100%| O|  |TAMS 0x0000000088e4ba00, 0x0000000088e00000| Untracked 
| 143|0x0000000088f00000, 0x0000000088f00000, 0x0000000089000000|  0%| F|  |TAMS 0x0000000088f00000, 0x0000000088f00000| Untracked 
| 144|0x0000000089000000, 0x0000000089000000, 0x0000000089100000|  0%| F|  |TAMS 0x0000000089000000, 0x0000000089000000| Untracked 
| 145|0x0000000089100000, 0x0000000089100000, 0x0000000089200000|  0%| F|  |TAMS 0x0000000089100000, 0x0000000089100000| Untracked 
| 146|0x0000000089200000, 0x0000000089200000, 0x0000000089300000|  0%| F|  |TAMS 0x0000000089200000, 0x0000000089200000| Untracked 
| 147|0x0000000089300000, 0x0000000089300000, 0x0000000089400000|  0%| F|  |TAMS 0x0000000089300000, 0x0000000089300000| Untracked 
| 148|0x0000000089400000, 0x0000000089400000, 0x0000000089500000|  0%| F|  |TAMS 0x0000000089400000, 0x0000000089400000| Untracked 
| 149|0x0000000089500000, 0x0000000089500000, 0x0000000089600000|  0%| F|  |TAMS 0x0000000089500000, 0x0000000089500000| Untracked 
| 150|0x0000000089600000, 0x0000000089600000, 0x0000000089700000|  0%| F|  |TAMS 0x0000000089600000, 0x0000000089600000| Untracked 
| 151|0x0000000089700000, 0x0000000089700000, 0x0000000089800000|  0%| F|  |TAMS 0x0000000089700000, 0x0000000089700000| Untracked 
| 152|0x0000000089800000, 0x0000000089800000, 0x0000000089900000|  0%| F|  |TAMS 0x0000000089800000, 0x0000000089800000| Untracked 
| 153|0x0000000089900000, 0x0000000089900000, 0x0000000089a00000|  0%| F|  |TAMS 0x0000000089900000, 0x0000000089900000| Untracked 
| 154|0x0000000089a00000, 0x0000000089a00000, 0x0000000089b00000|  0%| F|  |TAMS 0x0000000089a00000, 0x0000000089a00000| Untracked 
| 155|0x0000000089b00000, 0x0000000089b00000, 0x0000000089c00000|  0%| F|  |TAMS 0x0000000089b00000, 0x0000000089b00000| Untracked 
| 156|0x0000000089c00000, 0x0000000089c00000, 0x0000000089d00000|  0%| F|  |TAMS 0x0000000089c00000, 0x0000000089c00000| Untracked 
| 157|0x0000000089d00000, 0x0000000089d00000, 0x0000000089e00000|  0%| F|  |TAMS 0x0000000089d00000, 0x0000000089d00000| Untracked 
| 158|0x0000000089e00000, 0x0000000089e00000, 0x0000000089f00000|  0%| F|  |TAMS 0x0000000089e00000, 0x0000000089e00000| Untracked 
| 159|0x0000000089f00000, 0x0000000089f00000, 0x000000008a000000|  0%| F|  |TAMS 0x0000000089f00000, 0x0000000089f00000| Untracked 
| 160|0x000000008a000000, 0x000000008a000000, 0x000000008a100000|  0%| F|  |TAMS 0x000000008a000000, 0x000000008a000000| Untracked 
| 161|0x000000008a100000, 0x000000008a100000, 0x000000008a200000|  0%| F|  |TAMS 0x000000008a100000, 0x000000008a100000| Untracked 
| 162|0x000000008a200000, 0x000000008a200000, 0x000000008a300000|  0%| F|  |TAMS 0x000000008a200000, 0x000000008a200000| Untracked 
| 163|0x000000008a300000, 0x000000008a300000, 0x000000008a400000|  0%| F|  |TAMS 0x000000008a300000, 0x000000008a300000| Untracked 
| 164|0x000000008a400000, 0x000000008a400000, 0x000000008a500000|  0%| F|  |TAMS 0x000000008a400000, 0x000000008a400000| Untracked 
| 165|0x000000008a500000, 0x000000008a500000, 0x000000008a600000|  0%| F|  |TAMS 0x000000008a500000, 0x000000008a500000| Untracked 
| 166|0x000000008a600000, 0x000000008a600000, 0x000000008a700000|  0%| F|  |TAMS 0x000000008a600000, 0x000000008a600000| Untracked 
| 167|0x000000008a700000, 0x000000008a700000, 0x000000008a800000|  0%| F|  |TAMS 0x000000008a700000, 0x000000008a700000| Untracked 
| 168|0x000000008a800000, 0x000000008a800000, 0x000000008a900000|  0%| F|  |TAMS 0x000000008a800000, 0x000000008a800000| Untracked 
| 169|0x000000008a900000, 0x000000008a900000, 0x000000008aa00000|  0%| F|  |TAMS 0x000000008a900000, 0x000000008a900000| Untracked 
| 170|0x000000008aa00000, 0x000000008aa00000, 0x000000008ab00000|  0%| F|  |TAMS 0x000000008aa00000, 0x000000008aa00000| Untracked 
| 171|0x000000008ab00000, 0x000000008ab00000, 0x000000008ac00000|  0%| F|  |TAMS 0x000000008ab00000, 0x000000008ab00000| Untracked 
| 172|0x000000008ac00000, 0x000000008ac00000, 0x000000008ad00000|  0%| F|  |TAMS 0x000000008ac00000, 0x000000008ac00000| Untracked 
| 173|0x000000008ad00000, 0x000000008ad00000, 0x000000008ae00000|  0%| F|  |TAMS 0x000000008ad00000, 0x000000008ad00000| Untracked 
| 174|0x000000008ae00000, 0x000000008ae00000, 0x000000008af00000|  0%| F|  |TAMS 0x000000008ae00000, 0x000000008ae00000| Untracked 
| 175|0x000000008af00000, 0x000000008af00000, 0x000000008b000000|  0%| F|  |TAMS 0x000000008af00000, 0x000000008af00000| Untracked 
| 176|0x000000008b000000, 0x000000008b000000, 0x000000008b100000|  0%| F|  |TAMS 0x000000008b000000, 0x000000008b000000| Untracked 
| 177|0x000000008b100000, 0x000000008b100000, 0x000000008b200000|  0%| F|  |TAMS 0x000000008b100000, 0x000000008b100000| Untracked 
| 178|0x000000008b200000, 0x000000008b200000, 0x000000008b300000|  0%| F|  |TAMS 0x000000008b200000, 0x000000008b200000| Untracked 
| 179|0x000000008b300000, 0x000000008b300000, 0x000000008b400000|  0%| F|  |TAMS 0x000000008b300000, 0x000000008b300000| Untracked 
| 180|0x000000008b400000, 0x000000008b400000, 0x000000008b500000|  0%| F|  |TAMS 0x000000008b400000, 0x000000008b400000| Untracked 
| 181|0x000000008b500000, 0x000000008b500000, 0x000000008b600000|  0%| F|  |TAMS 0x000000008b500000, 0x000000008b500000| Untracked 
| 182|0x000000008b600000, 0x000000008b600000, 0x000000008b700000|  0%| F|  |TAMS 0x000000008b600000, 0x000000008b600000| Untracked 
| 183|0x000000008b700000, 0x000000008b700000, 0x000000008b800000|  0%| F|  |TAMS 0x000000008b700000, 0x000000008b700000| Untracked 
| 184|0x000000008b800000, 0x000000008b800000, 0x000000008b900000|  0%| F|  |TAMS 0x000000008b800000, 0x000000008b800000| Untracked 
| 185|0x000000008b900000, 0x000000008b900000, 0x000000008ba00000|  0%| F|  |TAMS 0x000000008b900000, 0x000000008b900000| Untracked 
| 186|0x000000008ba00000, 0x000000008ba00000, 0x000000008bb00000|  0%| F|  |TAMS 0x000000008ba00000, 0x000000008ba00000| Untracked 
| 187|0x000000008bb00000, 0x000000008bb00000, 0x000000008bc00000|  0%| F|  |TAMS 0x000000008bb00000, 0x000000008bb00000| Untracked 
| 188|0x000000008bc00000, 0x000000008bc00000, 0x000000008bd00000|  0%| F|  |TAMS 0x000000008bc00000, 0x000000008bc00000| Untracked 
| 189|0x000000008bd00000, 0x000000008bd00000, 0x000000008be00000|  0%| F|  |TAMS 0x000000008bd00000, 0x000000008bd00000| Untracked 
| 190|0x000000008be00000, 0x000000008be00000, 0x000000008bf00000|  0%| F|  |TAMS 0x000000008be00000, 0x000000008be00000| Untracked 
| 191|0x000000008bf00000, 0x000000008bf00000, 0x000000008c000000|  0%| F|  |TAMS 0x000000008bf00000, 0x000000008bf00000| Untracked 
| 192|0x000000008c000000, 0x000000008c000000, 0x000000008c100000|  0%| F|  |TAMS 0x000000008c000000, 0x000000008c000000| Untracked 
| 193|0x000000008c100000, 0x000000008c100000, 0x000000008c200000|  0%| F|  |TAMS 0x000000008c100000, 0x000000008c100000| Untracked 
| 194|0x000000008c200000, 0x000000008c200000, 0x000000008c300000|  0%| F|  |TAMS 0x000000008c200000, 0x000000008c200000| Untracked 
| 195|0x000000008c300000, 0x000000008c300000, 0x000000008c400000|  0%| F|  |TAMS 0x000000008c300000, 0x000000008c300000| Untracked 
| 196|0x000000008c400000, 0x000000008c400000, 0x000000008c500000|  0%| F|  |TAMS 0x000000008c400000, 0x000000008c400000| Untracked 
| 197|0x000000008c500000, 0x000000008c500000, 0x000000008c600000|  0%| F|  |TAMS 0x000000008c500000, 0x000000008c500000| Untracked 
| 198|0x000000008c600000, 0x000000008c600000, 0x000000008c700000|  0%| F|  |TAMS 0x000000008c600000, 0x000000008c600000| Untracked 
| 199|0x000000008c700000, 0x000000008c700000, 0x000000008c800000|  0%| F|  |TAMS 0x000000008c700000, 0x000000008c700000| Untracked 
| 200|0x000000008c800000, 0x000000008c800000, 0x000000008c900000|  0%| F|  |TAMS 0x000000008c800000, 0x000000008c800000| Untracked 
| 201|0x000000008c900000, 0x000000008c900000, 0x000000008ca00000|  0%| F|  |TAMS 0x000000008c900000, 0x000000008c900000| Untracked 
| 202|0x000000008ca00000, 0x000000008ca00000, 0x000000008cb00000|  0%| F|  |TAMS 0x000000008ca00000, 0x000000008ca00000| Untracked 
| 203|0x000000008cb00000, 0x000000008cb00000, 0x000000008cc00000|  0%| F|  |TAMS 0x000000008cb00000, 0x000000008cb00000| Untracked 
| 204|0x000000008cc00000, 0x000000008cc00000, 0x000000008cd00000|  0%| F|  |TAMS 0x000000008cc00000, 0x000000008cc00000| Untracked 
| 205|0x000000008cd00000, 0x000000008cd00000, 0x000000008ce00000|  0%| F|  |TAMS 0x000000008cd00000, 0x000000008cd00000| Untracked 
| 206|0x000000008ce00000, 0x000000008ce00000, 0x000000008cf00000|  0%| F|  |TAMS 0x000000008ce00000, 0x000000008ce00000| Untracked 
| 207|0x000000008cf00000, 0x000000008cf00000, 0x000000008d000000|  0%| F|  |TAMS 0x000000008cf00000, 0x000000008cf00000| Untracked 
| 208|0x000000008d000000, 0x000000008d000000, 0x000000008d100000|  0%| F|  |TAMS 0x000000008d000000, 0x000000008d000000| Untracked 
| 209|0x000000008d100000, 0x000000008d100000, 0x000000008d200000|  0%| F|  |TAMS 0x000000008d100000, 0x000000008d100000| Untracked 
| 210|0x000000008d200000, 0x000000008d200000, 0x000000008d300000|  0%| F|  |TAMS 0x000000008d200000, 0x000000008d200000| Untracked 
| 211|0x000000008d300000, 0x000000008d300000, 0x000000008d400000|  0%| F|  |TAMS 0x000000008d300000, 0x000000008d300000| Untracked 
| 212|0x000000008d400000, 0x000000008d400000, 0x000000008d500000|  0%| F|  |TAMS 0x000000008d400000, 0x000000008d400000| Untracked 
| 213|0x000000008d500000, 0x000000008d500000, 0x000000008d600000|  0%| F|  |TAMS 0x000000008d500000, 0x000000008d500000| Untracked 
| 214|0x000000008d600000, 0x000000008d600000, 0x000000008d700000|  0%| F|  |TAMS 0x000000008d600000, 0x000000008d600000| Untracked 
| 215|0x000000008d700000, 0x000000008d700000, 0x000000008d800000|  0%| F|  |TAMS 0x000000008d700000, 0x000000008d700000| Untracked 
| 216|0x000000008d800000, 0x000000008d800000, 0x000000008d900000|  0%| F|  |TAMS 0x000000008d800000, 0x000000008d800000| Untracked 
| 217|0x000000008d900000, 0x000000008d900000, 0x000000008da00000|  0%| F|  |TAMS 0x000000008d900000, 0x000000008d900000| Untracked 
| 218|0x000000008da00000, 0x000000008da00000, 0x000000008db00000|  0%| F|  |TAMS 0x000000008da00000, 0x000000008da00000| Untracked 
| 219|0x000000008db00000, 0x000000008db00000, 0x000000008dc00000|  0%| F|  |TAMS 0x000000008db00000, 0x000000008db00000| Untracked 
| 220|0x000000008dc00000, 0x000000008dc00000, 0x000000008dd00000|  0%| F|  |TAMS 0x000000008dc00000, 0x000000008dc00000| Untracked 
| 221|0x000000008dd00000, 0x000000008dd00000, 0x000000008de00000|  0%| F|  |TAMS 0x000000008dd00000, 0x000000008dd00000| Untracked 
| 222|0x000000008de00000, 0x000000008de00000, 0x000000008df00000|  0%| F|  |TAMS 0x000000008de00000, 0x000000008de00000| Untracked 
| 223|0x000000008df00000, 0x000000008df00000, 0x000000008e000000|  0%| F|  |TAMS 0x000000008df00000, 0x000000008df00000| Untracked 
| 224|0x000000008e000000, 0x000000008e000000, 0x000000008e100000|  0%| F|  |TAMS 0x000000008e000000, 0x000000008e000000| Untracked 
| 225|0x000000008e100000, 0x000000008e100000, 0x000000008e200000|  0%| F|  |TAMS 0x000000008e100000, 0x000000008e100000| Untracked 
| 226|0x000000008e200000, 0x000000008e200000, 0x000000008e300000|  0%| F|  |TAMS 0x000000008e200000, 0x000000008e200000| Untracked 
| 227|0x000000008e300000, 0x000000008e300000, 0x000000008e400000|  0%| F|  |TAMS 0x000000008e300000, 0x000000008e300000| Untracked 
| 228|0x000000008e400000, 0x000000008e400000, 0x000000008e500000|  0%| F|  |TAMS 0x000000008e400000, 0x000000008e400000| Untracked 
| 229|0x000000008e500000, 0x000000008e500000, 0x000000008e600000|  0%| F|  |TAMS 0x000000008e500000, 0x000000008e500000| Untracked 
| 230|0x000000008e600000, 0x000000008e600000, 0x000000008e700000|  0%| F|  |TAMS 0x000000008e600000, 0x000000008e600000| Untracked 
| 231|0x000000008e700000, 0x000000008e700000, 0x000000008e800000|  0%| F|  |TAMS 0x000000008e700000, 0x000000008e700000| Untracked 
| 232|0x000000008e800000, 0x000000008e800000, 0x000000008e900000|  0%| F|  |TAMS 0x000000008e800000, 0x000000008e800000| Untracked 
| 233|0x000000008e900000, 0x000000008e900000, 0x000000008ea00000|  0%| F|  |TAMS 0x000000008e900000, 0x000000008e900000| Untracked 
| 234|0x000000008ea00000, 0x000000008ea00000, 0x000000008eb00000|  0%| F|  |TAMS 0x000000008ea00000, 0x000000008ea00000| Untracked 
| 235|0x000000008eb00000, 0x000000008eb00000, 0x000000008ec00000|  0%| F|  |TAMS 0x000000008eb00000, 0x000000008eb00000| Untracked 
| 236|0x000000008ec00000, 0x000000008ec00000, 0x000000008ed00000|  0%| F|  |TAMS 0x000000008ec00000, 0x000000008ec00000| Untracked 
| 237|0x000000008ed00000, 0x000000008ed00000, 0x000000008ee00000|  0%| F|  |TAMS 0x000000008ed00000, 0x000000008ed00000| Untracked 
| 238|0x000000008ee00000, 0x000000008ee00000, 0x000000008ef00000|  0%| F|  |TAMS 0x000000008ee00000, 0x000000008ee00000| Untracked 
| 239|0x000000008ef00000, 0x000000008ef00000, 0x000000008f000000|  0%| F|  |TAMS 0x000000008ef00000, 0x000000008ef00000| Untracked 
| 240|0x000000008f000000, 0x000000008f000000, 0x000000008f100000|  0%| F|  |TAMS 0x000000008f000000, 0x000000008f000000| Untracked 
| 241|0x000000008f100000, 0x000000008f100000, 0x000000008f200000|  0%| F|  |TAMS 0x000000008f100000, 0x000000008f100000| Untracked 
| 242|0x000000008f200000, 0x000000008f200000, 0x000000008f300000|  0%| F|  |TAMS 0x000000008f200000, 0x000000008f200000| Untracked 
| 243|0x000000008f300000, 0x000000008f300000, 0x000000008f400000|  0%| F|  |TAMS 0x000000008f300000, 0x000000008f300000| Untracked 
| 244|0x000000008f400000, 0x000000008f400000, 0x000000008f500000|  0%| F|  |TAMS 0x000000008f400000, 0x000000008f400000| Untracked 
| 245|0x000000008f500000, 0x000000008f500000, 0x000000008f600000|  0%| F|  |TAMS 0x000000008f500000, 0x000000008f500000| Untracked 
| 246|0x000000008f600000, 0x000000008f600000, 0x000000008f700000|  0%| F|  |TAMS 0x000000008f600000, 0x000000008f600000| Untracked 
| 247|0x000000008f700000, 0x000000008f700000, 0x000000008f800000|  0%| F|  |TAMS 0x000000008f700000, 0x000000008f700000| Untracked 
| 248|0x000000008f800000, 0x000000008f800000, 0x000000008f900000|  0%| F|  |TAMS 0x000000008f800000, 0x000000008f800000| Untracked 
| 249|0x000000008f900000, 0x000000008f900000, 0x000000008fa00000|  0%| F|  |TAMS 0x000000008f900000, 0x000000008f900000| Untracked 
| 250|0x000000008fa00000, 0x000000008fa00000, 0x000000008fb00000|  0%| F|  |TAMS 0x000000008fa00000, 0x000000008fa00000| Untracked 
| 251|0x000000008fb00000, 0x000000008fb00000, 0x000000008fc00000|  0%| F|  |TAMS 0x000000008fb00000, 0x000000008fb00000| Untracked 
| 252|0x000000008fc00000, 0x000000008fc00000, 0x000000008fd00000|  0%| F|  |TAMS 0x000000008fc00000, 0x000000008fc00000| Untracked 
| 253|0x000000008fd00000, 0x000000008fd00000, 0x000000008fe00000|  0%| F|  |TAMS 0x000000008fd00000, 0x000000008fd00000| Untracked 
| 254|0x000000008fe00000, 0x000000008fe00000, 0x000000008ff00000|  0%| F|  |TAMS 0x000000008fe00000, 0x000000008fe00000| Untracked 
| 255|0x000000008ff00000, 0x000000008ff00000, 0x0000000090000000|  0%| F|  |TAMS 0x000000008ff00000, 0x000000008ff00000| Untracked 
| 256|0x0000000090000000, 0x0000000090000000, 0x0000000090100000|  0%| F|  |TAMS 0x0000000090000000, 0x0000000090000000| Untracked 
| 257|0x0000000090100000, 0x0000000090100000, 0x0000000090200000|  0%| F|  |TAMS 0x0000000090100000, 0x0000000090100000| Untracked 
| 258|0x0000000090200000, 0x0000000090200000, 0x0000000090300000|  0%| F|  |TAMS 0x0000000090200000, 0x0000000090200000| Untracked 
| 259|0x0000000090300000, 0x0000000090300000, 0x0000000090400000|  0%| F|  |TAMS 0x0000000090300000, 0x0000000090300000| Untracked 
| 260|0x0000000090400000, 0x0000000090400000, 0x0000000090500000|  0%| F|  |TAMS 0x0000000090400000, 0x0000000090400000| Untracked 
| 261|0x0000000090500000, 0x0000000090500000, 0x0000000090600000|  0%| F|  |TAMS 0x0000000090500000, 0x0000000090500000| Untracked 
| 262|0x0000000090600000, 0x0000000090600000, 0x0000000090700000|  0%| F|  |TAMS 0x0000000090600000, 0x0000000090600000| Untracked 
| 263|0x0000000090700000, 0x0000000090700000, 0x0000000090800000|  0%| F|  |TAMS 0x0000000090700000, 0x0000000090700000| Untracked 
| 264|0x0000000090800000, 0x0000000090800000, 0x0000000090900000|  0%| F|  |TAMS 0x0000000090800000, 0x0000000090800000| Untracked 
| 265|0x0000000090900000, 0x0000000090900000, 0x0000000090a00000|  0%| F|  |TAMS 0x0000000090900000, 0x0000000090900000| Untracked 
| 266|0x0000000090a00000, 0x0000000090a00000, 0x0000000090b00000|  0%| F|  |TAMS 0x0000000090a00000, 0x0000000090a00000| Untracked 
| 267|0x0000000090b00000, 0x0000000090b00000, 0x0000000090c00000|  0%| F|  |TAMS 0x0000000090b00000, 0x0000000090b00000| Untracked 
| 268|0x0000000090c00000, 0x0000000090c00000, 0x0000000090d00000|  0%| F|  |TAMS 0x0000000090c00000, 0x0000000090c00000| Untracked 
| 269|0x0000000090d00000, 0x0000000090d00000, 0x0000000090e00000|  0%| F|  |TAMS 0x0000000090d00000, 0x0000000090d00000| Untracked 
| 270|0x0000000090e00000, 0x0000000090e00000, 0x0000000090f00000|  0%| F|  |TAMS 0x0000000090e00000, 0x0000000090e00000| Untracked 
| 271|0x0000000090f00000, 0x0000000090f00000, 0x0000000091000000|  0%| F|  |TAMS 0x0000000090f00000, 0x0000000090f00000| Untracked 
| 272|0x0000000091000000, 0x0000000091000000, 0x0000000091100000|  0%| F|  |TAMS 0x0000000091000000, 0x0000000091000000| Untracked 
| 273|0x0000000091100000, 0x0000000091100000, 0x0000000091200000|  0%| F|  |TAMS 0x0000000091100000, 0x0000000091100000| Untracked 
| 274|0x0000000091200000, 0x0000000091200000, 0x0000000091300000|  0%| F|  |TAMS 0x0000000091200000, 0x0000000091200000| Untracked 
| 275|0x0000000091300000, 0x0000000091300000, 0x0000000091400000|  0%| F|  |TAMS 0x0000000091300000, 0x0000000091300000| Untracked 
| 276|0x0000000091400000, 0x0000000091400000, 0x0000000091500000|  0%| F|  |TAMS 0x0000000091400000, 0x0000000091400000| Untracked 
| 277|0x0000000091500000, 0x0000000091500000, 0x0000000091600000|  0%| F|  |TAMS 0x0000000091500000, 0x0000000091500000| Untracked 
| 278|0x0000000091600000, 0x0000000091600000, 0x0000000091700000|  0%| F|  |TAMS 0x0000000091600000, 0x0000000091600000| Untracked 
| 279|0x0000000091700000, 0x0000000091700000, 0x0000000091800000|  0%| F|  |TAMS 0x0000000091700000, 0x0000000091700000| Untracked 
| 280|0x0000000091800000, 0x0000000091800000, 0x0000000091900000|  0%| F|  |TAMS 0x0000000091800000, 0x0000000091800000| Untracked 
| 281|0x0000000091900000, 0x0000000091900000, 0x0000000091a00000|  0%| F|  |TAMS 0x0000000091900000, 0x0000000091900000| Untracked 
| 282|0x0000000091a00000, 0x0000000091a00000, 0x0000000091b00000|  0%| F|  |TAMS 0x0000000091a00000, 0x0000000091a00000| Untracked 
| 283|0x0000000091b00000, 0x0000000091b00000, 0x0000000091c00000|  0%| F|  |TAMS 0x0000000091b00000, 0x0000000091b00000| Untracked 
| 284|0x0000000091c00000, 0x0000000091c00000, 0x0000000091d00000|  0%| F|  |TAMS 0x0000000091c00000, 0x0000000091c00000| Untracked 
| 285|0x0000000091d00000, 0x0000000091d00000, 0x0000000091e00000|  0%| F|  |TAMS 0x0000000091d00000, 0x0000000091d00000| Untracked 
| 286|0x0000000091e00000, 0x0000000091e00000, 0x0000000091f00000|  0%| F|  |TAMS 0x0000000091e00000, 0x0000000091e00000| Untracked 
| 287|0x0000000091f00000, 0x0000000091f00000, 0x0000000092000000|  0%| F|  |TAMS 0x0000000091f00000, 0x0000000091f00000| Untracked 
| 288|0x0000000092000000, 0x0000000092000000, 0x0000000092100000|  0%| F|  |TAMS 0x0000000092000000, 0x0000000092000000| Untracked 
| 289|0x0000000092100000, 0x0000000092100000, 0x0000000092200000|  0%| F|  |TAMS 0x0000000092100000, 0x0000000092100000| Untracked 
| 290|0x0000000092200000, 0x0000000092200000, 0x0000000092300000|  0%| F|  |TAMS 0x0000000092200000, 0x0000000092200000| Untracked 
| 291|0x0000000092300000, 0x0000000092300000, 0x0000000092400000|  0%| F|  |TAMS 0x0000000092300000, 0x0000000092300000| Untracked 
| 292|0x0000000092400000, 0x0000000092400000, 0x0000000092500000|  0%| F|  |TAMS 0x0000000092400000, 0x0000000092400000| Untracked 
| 293|0x0000000092500000, 0x0000000092500000, 0x0000000092600000|  0%| F|  |TAMS 0x0000000092500000, 0x0000000092500000| Untracked 
| 294|0x0000000092600000, 0x0000000092600000, 0x0000000092700000|  0%| F|  |TAMS 0x0000000092600000, 0x0000000092600000| Untracked 
| 295|0x0000000092700000, 0x0000000092700000, 0x0000000092800000|  0%| F|  |TAMS 0x0000000092700000, 0x0000000092700000| Untracked 
| 296|0x0000000092800000, 0x0000000092800000, 0x0000000092900000|  0%| F|  |TAMS 0x0000000092800000, 0x0000000092800000| Untracked 
| 297|0x0000000092900000, 0x0000000092900000, 0x0000000092a00000|  0%| F|  |TAMS 0x0000000092900000, 0x0000000092900000| Untracked 
| 298|0x0000000092a00000, 0x0000000092a00000, 0x0000000092b00000|  0%| F|  |TAMS 0x0000000092a00000, 0x0000000092a00000| Untracked 
| 299|0x0000000092b00000, 0x0000000092b00000, 0x0000000092c00000|  0%| F|  |TAMS 0x0000000092b00000, 0x0000000092b00000| Untracked 
| 300|0x0000000092c00000, 0x0000000092c00000, 0x0000000092d00000|  0%| F|  |TAMS 0x0000000092c00000, 0x0000000092c00000| Untracked 
| 301|0x0000000092d00000, 0x0000000092d00000, 0x0000000092e00000|  0%| F|  |TAMS 0x0000000092d00000, 0x0000000092d00000| Untracked 
| 302|0x0000000092e00000, 0x0000000092e00000, 0x0000000092f00000|  0%| F|  |TAMS 0x0000000092e00000, 0x0000000092e00000| Untracked 
| 303|0x0000000092f00000, 0x0000000092f00000, 0x0000000093000000|  0%| F|  |TAMS 0x0000000092f00000, 0x0000000092f00000| Untracked 
| 304|0x0000000093000000, 0x0000000093000000, 0x0000000093100000|  0%| F|  |TAMS 0x0000000093000000, 0x0000000093000000| Untracked 
| 305|0x0000000093100000, 0x0000000093100000, 0x0000000093200000|  0%| F|  |TAMS 0x0000000093100000, 0x0000000093100000| Untracked 
| 306|0x0000000093200000, 0x0000000093200000, 0x0000000093300000|  0%| F|  |TAMS 0x0000000093200000, 0x0000000093200000| Untracked 
| 307|0x0000000093300000, 0x0000000093300000, 0x0000000093400000|  0%| F|  |TAMS 0x0000000093300000, 0x0000000093300000| Untracked 
| 308|0x0000000093400000, 0x0000000093400000, 0x0000000093500000|  0%| F|  |TAMS 0x0000000093400000, 0x0000000093400000| Untracked 
| 309|0x0000000093500000, 0x0000000093500000, 0x0000000093600000|  0%| F|  |TAMS 0x0000000093500000, 0x0000000093500000| Untracked 
| 310|0x0000000093600000, 0x0000000093600000, 0x0000000093700000|  0%| F|  |TAMS 0x0000000093600000, 0x0000000093600000| Untracked 
| 311|0x0000000093700000, 0x0000000093700000, 0x0000000093800000|  0%| F|  |TAMS 0x0000000093700000, 0x0000000093700000| Untracked 
| 312|0x0000000093800000, 0x0000000093800000, 0x0000000093900000|  0%| F|  |TAMS 0x0000000093800000, 0x0000000093800000| Untracked 
| 313|0x0000000093900000, 0x0000000093900000, 0x0000000093a00000|  0%| F|  |TAMS 0x0000000093900000, 0x0000000093900000| Untracked 
| 314|0x0000000093a00000, 0x0000000093a00000, 0x0000000093b00000|  0%| F|  |TAMS 0x0000000093a00000, 0x0000000093a00000| Untracked 
| 315|0x0000000093b00000, 0x0000000093b00000, 0x0000000093c00000|  0%| F|  |TAMS 0x0000000093b00000, 0x0000000093b00000| Untracked 
| 316|0x0000000093c00000, 0x0000000093d00000, 0x0000000093d00000|100%| S|CS|TAMS 0x0000000093c00000, 0x0000000093c00000| Complete 
| 317|0x0000000093d00000, 0x0000000093e00000, 0x0000000093e00000|100%| S|CS|TAMS 0x0000000093d00000, 0x0000000093d00000| Complete 
| 318|0x0000000093e00000, 0x0000000093e00000, 0x0000000093f00000|  0%| F|  |TAMS 0x0000000093e00000, 0x0000000093e00000| Untracked 
| 319|0x0000000093f00000, 0x0000000093f00000, 0x0000000094000000|  0%| F|  |TAMS 0x0000000093f00000, 0x0000000093f00000| Untracked 
| 320|0x0000000094000000, 0x00000000940441c8, 0x0000000094100000| 26%| E|  |TAMS 0x0000000094000000, 0x0000000094000000| Complete 
| 321|0x0000000094100000, 0x0000000094200000, 0x0000000094200000|100%| E|CS|TAMS 0x0000000094100000, 0x0000000094100000| Complete 
| 322|0x0000000094200000, 0x0000000094300000, 0x0000000094300000|100%| E|CS|TAMS 0x0000000094200000, 0x0000000094200000| Complete 
| 323|0x0000000094300000, 0x0000000094400000, 0x0000000094400000|100%| E|CS|TAMS 0x0000000094300000, 0x0000000094300000| Complete 
| 324|0x0000000094400000, 0x0000000094500000, 0x0000000094500000|100%| E|CS|TAMS 0x0000000094400000, 0x0000000094400000| Complete 
| 325|0x0000000094500000, 0x0000000094600000, 0x0000000094600000|100%| E|CS|TAMS 0x0000000094500000, 0x0000000094500000| Complete 
| 326|0x0000000094600000, 0x0000000094700000, 0x0000000094700000|100%| E|CS|TAMS 0x0000000094600000, 0x0000000094600000| Complete 
| 327|0x0000000094700000, 0x0000000094800000, 0x0000000094800000|100%| E|CS|TAMS 0x0000000094700000, 0x0000000094700000| Complete 
| 328|0x0000000094800000, 0x0000000094900000, 0x0000000094900000|100%| E|CS|TAMS 0x0000000094800000, 0x0000000094800000| Complete 
| 329|0x0000000094900000, 0x0000000094a00000, 0x0000000094a00000|100%| E|CS|TAMS 0x0000000094900000, 0x0000000094900000| Complete 
| 330|0x0000000094a00000, 0x0000000094b00000, 0x0000000094b00000|100%| E|CS|TAMS 0x0000000094a00000, 0x0000000094a00000| Complete 
| 331|0x0000000094b00000, 0x0000000094c00000, 0x0000000094c00000|100%| E|CS|TAMS 0x0000000094b00000, 0x0000000094b00000| Complete 
| 332|0x0000000094c00000, 0x0000000094d00000, 0x0000000094d00000|100%| E|CS|TAMS 0x0000000094c00000, 0x0000000094c00000| Complete 
| 333|0x0000000094d00000, 0x0000000094e00000, 0x0000000094e00000|100%| E|CS|TAMS 0x0000000094d00000, 0x0000000094d00000| Complete 

Card table byte_map: [0x000001df6fa00000,0x000001df6fe00000] _byte_map_base: 0x000001df6f600000

Marking Bits (Prev, Next): (CMBitMap*) 0x000001df5d18a260, (CMBitMap*) 0x000001df5d18a2a0
 Prev Bits: [0x000001df70200000, 0x000001df72200000)
 Next Bits: [0x000001df72200000, 0x000001df74200000)

Polling page: 0x000001df5c900000

Metaspace:

Usage:
  Non-class:    108.67 MB used.
      Class:     16.99 MB used.
       Both:    125.66 MB used.

Virtual space:
  Non-class space:      112.00 MB reserved,     109.19 MB ( 97%) committed,  14 nodes.
      Class space:        1.00 GB reserved,      17.44 MB (  2%) committed,  1 nodes.
             Both:        1.11 GB reserved,     126.62 MB ( 11%) committed. 

Chunk freelists:
   Non-Class:  2.74 MB
       Class:  2.38 MB
        Both:  5.12 MB

MaxMetaspaceSize: unlimited
CompressedClassSpaceSize: 1.00 GB
Initial GC threshold: 21.00 MB
Current GC threshold: 210.25 MB
CDS: off
MetaspaceReclaimPolicy: balanced
 - commit_granule_bytes: 65536.
 - commit_granule_words: 8192.
 - virtual_space_node_default_size: 1048576.
 - enlarge_chunks_in_place: 1.
 - new_chunks_are_fully_committed: 0.
 - uncommit_free_chunks: 1.
 - use_allocation_guard: 0.
 - handle_deallocations: 1.


Internal statistics:

num_allocs_failed_limit: 6.
num_arena_births: 1584.
num_arena_deaths: 32.
num_vsnodes_births: 15.
num_vsnodes_deaths: 0.
num_space_committed: 2026.
num_space_uncommitted: 0.
num_chunks_returned_to_freelist: 49.
num_chunks_taken_from_freelist: 6606.
num_chunk_merges: 11.
num_chunk_splits: 4322.
num_chunks_enlarged: 2841.
num_purges: 6.
num_inconsistent_stats: 0.

CodeHeap 'non-profiled nmethods': size=120000Kb used=12572Kb max_used=12572Kb free=107428Kb
 bounds [0x000001df680d0000, 0x000001df68d20000, 0x000001df6f600000]
CodeHeap 'profiled nmethods': size=120000Kb used=33682Kb max_used=33682Kb free=86317Kb
 bounds [0x000001df60600000, 0x000001df626f0000, 0x000001df67b30000]
CodeHeap 'non-nmethods': size=5760Kb used=2456Kb max_used=2568Kb free=3304Kb
 bounds [0x000001df67b30000, 0x000001df67dc0000, 0x000001df680d0000]
 total_blobs=18119 nmethods=17117 adapters=913
 compilation: enabled
              stopped_count=0, restarted_count=0
 full_count=0

Compilation events (20 events):
Event: 877.493 Thread 0x000001df770684d0 21016       1       java.lang.StackTraceElement::getMethodName (5 bytes)
Event: 877.493 Thread 0x000001df770684d0 nmethod 21016 0x000001df68d16610 code [0x000001df68d167a0, 0x000001df68d16878]
Event: 877.553 Thread 0x000001df770684d0 21018       3       java.util.AbstractList::indexOf (65 bytes)
Event: 877.553 Thread 0x000001df770684d0 nmethod 21018 0x000001df626dbd10 code [0x000001df626dbf60, 0x000001df626dc8d8]
Event: 877.553 Thread 0x000001df770684d0 21019       3       jdk.internal.reflect.MethodAccessorGenerator::<init> (5 bytes)
Event: 877.553 Thread 0x000001df770684d0 nmethod 21019 0x000001df626dcb10 code [0x000001df626dccc0, 0x000001df626dce98]
Event: 877.553 Thread 0x000001df770684d0 21020       3       jdk.internal.reflect.AccessorGenerator::<init> (17 bytes)
Event: 877.553 Thread 0x000001df770684d0 nmethod 21020 0x000001df626dcf90 code [0x000001df626dd120, 0x000001df626dd298]
Event: 877.555 Thread 0x000001df770684d0 21021       3       org.gradle.api.JavaVersion::current (21 bytes)
Event: 877.555 Thread 0x000001df770684d0 nmethod 21021 0x000001df626dd390 code [0x000001df626dd5a0, 0x000001df626ddad8]
Event: 877.555 Thread 0x000001df770684d0 21022       3       org.gradle.api.JavaVersion::isJava9Compatible (8 bytes)
Event: 877.555 Thread 0x000001df770684d0 nmethod 21022 0x000001df626ddc90 code [0x000001df626dde40, 0x000001df626de048]
Event: 879.054 Thread 0x000001df770684d0 21023       3       org.gradle.internal.serialize.StackTraceElementPlaceholder::<init> (88 bytes)
Event: 879.054 Thread 0x000001df770684d0 nmethod 21023 0x000001df626de110 code [0x000001df626de380, 0x000001df626deee8]
Event: 879.075 Thread 0x000001df770684d0 21024       3       java.io.ObjectStreamField::getPrimitiveSignature (98 bytes)
Event: 879.075 Thread 0x000001df770684d0 nmethod 21024 0x000001df626df210 code [0x000001df626df420, 0x000001df626df9e8]
Event: 879.224 Thread 0x000001df770684d0 21025   !   3       org.gradle.internal.serialize.ExceptionReplacingObjectOutputStream$1::transform (15 bytes)
Event: 879.224 Thread 0x000001df770684d0 nmethod 21025 0x000001df626dfb10 code [0x000001df626dfd20, 0x000001df626e0498]
Event: 879.224 Thread 0x000001df770684d0 21026       3       org.gradle.internal.serialize.ExceptionReplacingObjectOutputStream::doReplaceObject (25 bytes)
Event: 879.224 Thread 0x000001df770684d0 nmethod 21026 0x000001df626e0790 code [0x000001df626e0960, 0x000001df626e0f28]

GC Heap History (20 events):
Event: 220.208 GC heap before
{Heap before GC invocations=82 (full 0):
 garbage-first heap   total 235520K, used 142300K [0x0000000080000000, 0x0000000100000000)
  region size 1024K, 11 young (11264K), 4 survivors (4096K)
 Metaspace       used 122590K, committed 123392K, reserved 1163264K
  class space    used 16664K, committed 17024K, reserved 1048576K
}
Event: 220.212 GC heap after
{Heap after GC invocations=83 (full 0):
 garbage-first heap   total 235520K, used 132939K [0x0000000080000000, 0x0000000100000000)
  region size 1024K, 1 young (1024K), 1 survivors (1024K)
 Metaspace       used 122590K, committed 123392K, reserved 1163264K
  class space    used 16664K, committed 17024K, reserved 1048576K
}
Event: 220.592 GC heap before
{Heap before GC invocations=83 (full 0):
 garbage-first heap   total 235520K, used 185163K [0x0000000080000000, 0x0000000100000000)
  region size 1024K, 54 young (55296K), 1 survivors (1024K)
 Metaspace       used 123042K, committed 123776K, reserved 1163264K
  class space    used 16680K, committed 17024K, reserved 1048576K
}
Event: 220.600 GC heap after
{Heap after GC invocations=84 (full 0):
 garbage-first heap   total 235520K, used 139136K [0x0000000080000000, 0x0000000100000000)
  region size 1024K, 7 young (7168K), 7 survivors (7168K)
 Metaspace       used 123042K, committed 123776K, reserved 1163264K
  class space    used 16680K, committed 17024K, reserved 1048576K
}
Event: 229.649 GC heap before
{Heap before GC invocations=85 (full 0):
 garbage-first heap   total 242688K, used 223104K [0x0000000080000000, 0x0000000100000000)
  region size 1024K, 57 young (58368K), 7 survivors (7168K)
 Metaspace       used 126157K, committed 126976K, reserved 1163264K
  class space    used 17166K, committed 17536K, reserved 1048576K
}
Event: 229.652 GC heap after
{Heap after GC invocations=86 (full 0):
 garbage-first heap   total 242688K, used 138479K [0x0000000080000000, 0x0000000100000000)
  region size 1024K, 2 young (2048K), 2 survivors (2048K)
 Metaspace       used 126157K, committed 126976K, reserved 1163264K
  class space    used 17166K, committed 17536K, reserved 1048576K
}
Event: 318.121 GC heap before
{Heap before GC invocations=86 (full 0):
 garbage-first heap   total 242688K, used 162031K [0x0000000080000000, 0x0000000100000000)
  region size 1024K, 11 young (11264K), 2 survivors (2048K)
 Metaspace       used 126812K, committed 127616K, reserved 1163264K
  class space    used 17264K, committed 17664K, reserved 1048576K
}
Event: 318.126 GC heap after
{Heap after GC invocations=87 (full 0):
 garbage-first heap   total 242688K, used 131676K [0x0000000080000000, 0x0000000100000000)
  region size 1024K, 1 young (1024K), 1 survivors (1024K)
 Metaspace       used 126812K, committed 127616K, reserved 1163264K
  class space    used 17264K, committed 17664K, reserved 1048576K
}
Event: 324.929 GC heap before
{Heap before GC invocations=87 (full 0):
 garbage-first heap   total 242688K, used 199260K [0x0000000080000000, 0x0000000100000000)
  region size 1024K, 67 young (68608K), 1 survivors (1024K)
 Metaspace       used 127523K, committed 128384K, reserved 1163264K
  class space    used 17290K, committed 17728K, reserved 1048576K
}
Event: 324.937 GC heap after
{Heap after GC invocations=88 (full 0):
 garbage-first heap   total 242688K, used 139886K [0x0000000080000000, 0x0000000100000000)
  region size 1024K, 9 young (9216K), 9 survivors (9216K)
 Metaspace       used 127523K, committed 128384K, reserved 1163264K
  class space    used 17290K, committed 17728K, reserved 1048576K
}
Event: 604.373 GC heap before
{Heap before GC invocations=89 (full 0):
 garbage-first heap   total 250880K, used 196206K [0x0000000080000000, 0x0000000100000000)
  region size 1024K, 66 young (67584K), 9 survivors (9216K)
 Metaspace       used 127920K, committed 128832K, reserved 1163264K
  class space    used 17317K, committed 17792K, reserved 1048576K
}
Event: 604.387 GC heap after
{Heap after GC invocations=90 (full 0):
 garbage-first heap   total 250880K, used 143996K [0x0000000080000000, 0x0000000100000000)
  region size 1024K, 7 young (7168K), 7 survivors (7168K)
 Metaspace       used 127920K, committed 128832K, reserved 1163264K
  class space    used 17317K, committed 17792K, reserved 1048576K
}
Event: 605.349 GC heap before
{Heap before GC invocations=90 (full 0):
 garbage-first heap   total 250880K, used 149116K [0x0000000080000000, 0x0000000100000000)
  region size 1024K, 12 young (12288K), 7 survivors (7168K)
 Metaspace       used 127978K, committed 128896K, reserved 1163264K
  class space    used 17318K, committed 17792K, reserved 1048576K
}
Event: 605.363 GC heap after
{Heap after GC invocations=91 (full 0):
 garbage-first heap   total 250880K, used 135390K [0x0000000080000000, 0x0000000100000000)
  region size 1024K, 2 young (2048K), 2 survivors (2048K)
 Metaspace       used 127978K, committed 128896K, reserved 1163264K
  class space    used 17318K, committed 17792K, reserved 1048576K
}
Event: 624.973 GC heap before
{Heap before GC invocations=91 (full 0):
 garbage-first heap   total 250880K, used 150750K [0x0000000080000000, 0x0000000100000000)
  region size 1024K, 19 young (19456K), 2 survivors (2048K)
 Metaspace       used 128039K, committed 128960K, reserved 1163264K
  class space    used 17318K, committed 17792K, reserved 1048576K
}
Event: 628.095 GC heap after
{Heap after GC invocations=92 (full 0):
 garbage-first heap   total 250880K, used 137014K [0x0000000080000000, 0x0000000100000000)
  region size 1024K, 4 young (4096K), 4 survivors (4096K)
 Metaspace       used 128039K, committed 128960K, reserved 1163264K
  class space    used 17318K, committed 17792K, reserved 1048576K
}
Event: 681.469 GC heap before
{Heap before GC invocations=93 (full 0):
 garbage-first heap   total 342016K, used 205622K [0x0000000080000000, 0x0000000100000000)
  region size 1024K, 58 young (59392K), 4 survivors (4096K)
 Metaspace       used 128235K, committed 129152K, reserved 1163264K
  class space    used 17326K, committed 17792K, reserved 1048576K
}
Event: 681.848 GC heap after
{Heap after GC invocations=94 (full 0):
 garbage-first heap   total 342016K, used 132873K [0x0000000080000000, 0x0000000100000000)
  region size 1024K, 5 young (5120K), 5 survivors (5120K)
 Metaspace       used 128235K, committed 129152K, reserved 1163264K
  class space    used 17326K, committed 17792K, reserved 1048576K
}
Event: 695.698 GC heap before
{Heap before GC invocations=94 (full 0):
 garbage-first heap   total 342016K, used 144137K [0x0000000080000000, 0x0000000100000000)
  region size 1024K, 16 young (16384K), 5 survivors (5120K)
 Metaspace       used 128292K, committed 129216K, reserved 1163264K
  class space    used 17336K, committed 17792K, reserved 1048576K
}
Event: 697.613 GC heap after
{Heap after GC invocations=95 (full 0):
 garbage-first heap   total 342016K, used 125135K [0x0000000080000000, 0x0000000100000000)
  region size 1024K, 2 young (2048K), 2 survivors (2048K)
 Metaspace       used 128292K, committed 129216K, reserved 1163264K
  class space    used 17336K, committed 17792K, reserved 1048576K
}

Dll operation events (2 events):
Event: 0.032 Loaded shared library C:\Program Files\Android\Android Studio\jbr\bin\java.dll
Event: 1.872 Loaded shared library C:\Program Files\Android\Android Studio\jbr\bin\verify.dll

Deoptimization events (20 events):
Event: 875.451 Thread 0x000001df79cf1810 Uncommon trap: trap_request=0xffffffde fr.pc=0x000001df680f24a8 relative=0x00000000000001a8
Event: 875.451 Thread 0x000001df79cf1810 Uncommon trap: reason=class_check action=maybe_recompile pc=0x000001df680f24a8 method=java.lang.String.equals(Ljava/lang/Object;)Z @ 8 c2
Event: 875.451 Thread 0x000001df79cf1810 DEOPT PACKING pc=0x000001df680f24a8 sp=0x00000092296fc820
Event: 875.451 Thread 0x000001df79cf1810 DEOPT UNPACKING pc=0x000001df67b869a3 sp=0x00000092296fc7c8 mode 2
Event: 875.451 Thread 0x000001df79cf1810 Uncommon trap: trap_request=0xffffffde fr.pc=0x000001df680f24a8 relative=0x00000000000001a8
Event: 875.451 Thread 0x000001df79cf1810 Uncommon trap: reason=class_check action=maybe_recompile pc=0x000001df680f24a8 method=java.lang.String.equals(Ljava/lang/Object;)Z @ 8 c2
Event: 875.451 Thread 0x000001df79cf1810 DEOPT PACKING pc=0x000001df680f24a8 sp=0x00000092296fc820
Event: 875.451 Thread 0x000001df79cf1810 DEOPT UNPACKING pc=0x000001df67b869a3 sp=0x00000092296fc7c8 mode 2
Event: 875.452 Thread 0x000001df79cf1810 Uncommon trap: trap_request=0xffffff45 fr.pc=0x000001df68877fec relative=0x000000000000006c
Event: 875.452 Thread 0x000001df79cf1810 Uncommon trap: reason=unstable_if action=reinterpret pc=0x000001df68877fec method=org.gradle.internal.io.StreamByteBuffer.allocateSpace()I @ 9 c2
Event: 875.452 Thread 0x000001df79cf1810 DEOPT PACKING pc=0x000001df68877fec sp=0x00000092296fc8b0
Event: 875.452 Thread 0x000001df79cf1810 DEOPT UNPACKING pc=0x000001df67b869a3 sp=0x00000092296fc840 mode 2
Event: 875.452 Thread 0x000001df79cf1810 Uncommon trap: trap_request=0xffffff45 fr.pc=0x000001df6887bc58 relative=0x0000000000000538
Event: 875.452 Thread 0x000001df79cf1810 Uncommon trap: reason=unstable_if action=reinterpret pc=0x000001df6887bc58 method=org.gradle.internal.io.StreamByteBuffer.prepareRead()I @ 30 c2
Event: 875.452 Thread 0x000001df79cf1810 DEOPT PACKING pc=0x000001df6887bc58 sp=0x00000092296fdc20
Event: 875.452 Thread 0x000001df79cf1810 DEOPT UNPACKING pc=0x000001df67b869a3 sp=0x00000092296fdb80 mode 2
Event: 877.317 Thread 0x000001df79cf1810 Uncommon trap: trap_request=0xffffff45 fr.pc=0x000001df68598208 relative=0x0000000000000188
Event: 877.317 Thread 0x000001df79cf1810 Uncommon trap: reason=unstable_if action=reinterpret pc=0x000001df68598208 method=org.gradle.internal.io.StreamByteBuffer.prepareRead()I @ 30 c2
Event: 877.317 Thread 0x000001df79cf1810 DEOPT PACKING pc=0x000001df68598208 sp=0x00000092296fd940
Event: 877.317 Thread 0x000001df79cf1810 DEOPT UNPACKING pc=0x000001df67b869a3 sp=0x00000092296fd8f8 mode 2

Classes unloaded (16 events):
Event: 219.407 Thread 0x000001df7701e030 Unloading class 0x0000000100ec9400 'java/lang/invoke/LambdaForm$MH+0x0000000100ec9400'
Event: 219.407 Thread 0x000001df7701e030 Unloading class 0x0000000100ec8c00 'java/lang/invoke/LambdaForm$DMH+0x0000000100ec8c00'
Event: 219.407 Thread 0x000001df7701e030 Unloading class 0x0000000100ec8400 'java/lang/invoke/LambdaForm$DMH+0x0000000100ec8400'
Event: 220.767 Thread 0x000001df7701e030 Unloading class 0x0000000101039800 'java/lang/invoke/LambdaForm$MH+0x0000000101039800'
Event: 220.767 Thread 0x000001df7701e030 Unloading class 0x0000000101039400 'java/lang/invoke/LambdaForm$MH+0x0000000101039400'
Event: 220.767 Thread 0x000001df7701e030 Unloading class 0x0000000101038c00 'java/lang/invoke/LambdaForm$DMH+0x0000000101038c00'
Event: 220.767 Thread 0x000001df7701e030 Unloading class 0x0000000101038000 'java/lang/invoke/LambdaForm$DMH+0x0000000101038000'
Event: 220.767 Thread 0x000001df7701e030 Unloading class 0x0000000101000800 'java/lang/invoke/LambdaForm$DMH+0x0000000101000800'
Event: 220.767 Thread 0x000001df7701e030 Unloading class 0x0000000101000400 'java/lang/invoke/LambdaForm$DMH+0x0000000101000400'
Event: 220.767 Thread 0x000001df7701e030 Unloading class 0x0000000100fe8800 'java/lang/invoke/LambdaForm$DMH+0x0000000100fe8800'
Event: 220.767 Thread 0x000001df7701e030 Unloading class 0x0000000100fe8400 'java/lang/invoke/LambdaForm$DMH+0x0000000100fe8400'
Event: 220.767 Thread 0x000001df7701e030 Unloading class 0x0000000100fc4400 'java/lang/invoke/LambdaForm$DMH+0x0000000100fc4400'
Event: 220.767 Thread 0x000001df7701e030 Unloading class 0x0000000100f50c00 'java/lang/invoke/LambdaForm$DMH+0x0000000100f50c00'
Event: 220.767 Thread 0x000001df7701e030 Unloading class 0x0000000100f50400 'java/lang/invoke/LambdaForm$DMH+0x0000000100f50400'
Event: 220.767 Thread 0x000001df7701e030 Unloading class 0x0000000100f14400 'java/lang/invoke/LambdaForm$DMH+0x0000000100f14400'
Event: 325.098 Thread 0x000001df7701e030 Unloading class 0x00000001010e8400 'java/lang/invoke/LambdaForm$DMH+0x00000001010e8400'

Classes redefined (0 events):
No events

Internal exceptions (20 events):
Event: 659.924 Thread 0x000001df03ed2710 Exception <a 'sun/nio/fs/WindowsException'{0x000000008c506348}> (0x000000008c506348) 
thrown [s\src\hotspot\share\prims\jni.cpp, line 517]
Event: 659.939 Thread 0x000001df03ed2710 Exception <a 'sun/nio/fs/WindowsException'{0x000000008c507fd0}> (0x000000008c507fd0) 
thrown [s\src\hotspot\share\prims\jni.cpp, line 517]
Event: 659.939 Thread 0x000001df03ed2710 Exception <a 'sun/nio/fs/WindowsException'{0x000000008c508380}> (0x000000008c508380) 
thrown [s\src\hotspot\share\prims\jni.cpp, line 517]
Event: 673.613 Thread 0x000001df7bc0b3b0 Exception <a 'sun/nio/fs/WindowsException'{0x000000008c05f5d0}> (0x000000008c05f5d0) 
thrown [s\src\hotspot\share\prims\jni.cpp, line 517]
Event: 673.613 Thread 0x000001df7bc0b3b0 Exception <a 'sun/nio/fs/WindowsException'{0x000000008c05f900}> (0x000000008c05f900) 
thrown [s\src\hotspot\share\prims\jni.cpp, line 517]
Event: 681.330 Thread 0x000001df03ed2240 Exception <a 'sun/nio/fs/WindowsException'{0x0000000094b2f0a0}> (0x0000000094b2f0a0) 
thrown [s\src\hotspot\share\prims\jni.cpp, line 517]
Event: 682.142 Thread 0x000001df03ed2240 Exception <a 'sun/nio/fs/WindowsException'{0x0000000094d76d38}> (0x0000000094d76d38) 
thrown [s\src\hotspot\share\prims\jni.cpp, line 517]
Event: 683.290 Thread 0x000001df7bc0b3b0 Exception <a 'sun/nio/fs/WindowsException'{0x0000000094316ae0}> (0x0000000094316ae0) 
thrown [s\src\hotspot\share\prims\jni.cpp, line 517]
Event: 683.718 Thread 0x000001df7bc0b3b0 Exception <a 'sun/nio/fs/WindowsException'{0x0000000094202a40}> (0x0000000094202a40) 
thrown [s\src\hotspot\share\prims\jni.cpp, line 517]
Event: 694.997 Thread 0x000001df7bc0c6f0 Exception <a 'sun/nio/fs/WindowsException'{0x0000000093ee4ab8}> (0x0000000093ee4ab8) 
thrown [s\src\hotspot\share\prims\jni.cpp, line 517]
Event: 694.997 Thread 0x000001df7bc0c6f0 Exception <a 'sun/nio/fs/WindowsException'{0x0000000093ee4e10}> (0x0000000093ee4e10) 
thrown [s\src\hotspot\share\prims\jni.cpp, line 517]
Event: 695.298 Thread 0x000001df7bc0c6f0 Exception <a 'sun/nio/fs/WindowsException'{0x0000000093eed3c0}> (0x0000000093eed3c0) 
thrown [s\src\hotspot\share\prims\jni.cpp, line 517]
Event: 695.298 Thread 0x000001df7bc0c6f0 Exception <a 'sun/nio/fs/WindowsException'{0x0000000093eed710}> (0x0000000093eed710) 
thrown [s\src\hotspot\share\prims\jni.cpp, line 517]
Event: 770.539 Thread 0x000001df7bc0c6f0 Exception <a 'java/lang/NoSuchMethodError'{0x0000000094b032e8}: 'java.lang.Object java.lang.invoke.DirectMethodHandle$Holder.invokeSpecial(java.lang.Object, java.lang.Object, java.lang.Object, long, java.lang.Object)'> (0x0000000094b032e8) 
thrown [s\src\hotspot\share\interpreter\linkResolver.cpp, line 771]
Event: 772.632 Thread 0x000001df7bc0c6f0 Exception <a 'java/lang/NoSuchMethodError'{0x0000000094b0af88}: 'java.lang.Object java.lang.invoke.Invokers$Holder.linkToTargetMethod(java.lang.Object, long, java.lang.Object, java.lang.Object)'> (0x0000000094b0af88) 
thrown [s\src\hotspot\share\interpreter\linkResolver.cpp, line 771]
Event: 826.998 Thread 0x000001df7bc0aee0 Exception <a 'java/lang/NoSuchMethodError'{0x00000000948917b8}: static Lorg/gradle/internal/build/event/types/DefaultTaskFailureResult;.<clinit>()V> (0x00000000948917b8) 
thrown [s\src\hotspot\share\prims\jni.cpp, line 1108]
Event: 827.602 Thread 0x000001df7bc0aee0 Exception <a 'java/lang/NoSuchMethodError'{0x00000000948affb8}: static Lorg/gradle/internal/build/event/types/DefaultFailure;.<clinit>()V> (0x00000000948affb8) 
thrown [s\src\hotspot\share\prims\jni.cpp, line 1108]
Event: 834.440 Thread 0x000001df79cf1810 Exception <a 'sun/nio/fs/WindowsException'{0x00000000948e8e70}> (0x00000000948e8e70) 
thrown [s\src\hotspot\share\prims\jni.cpp, line 517]
Event: 834.441 Thread 0x000001df79cf1810 Exception <a 'sun/nio/fs/WindowsException'{0x00000000948e91b8}> (0x00000000948e91b8) 
thrown [s\src\hotspot\share\prims\jni.cpp, line 517]
Event: 834.441 Thread 0x000001df79cf1810 Exception <a 'sun/nio/fs/WindowsException'{0x00000000948eafa8}> (0x00000000948eafa8) 
thrown [s\src\hotspot\share\prims\jni.cpp, line 517]

VM Operations (20 events):
Event: 848.628 Executing VM operation: Cleanup
Event: 848.628 Executing VM operation: Cleanup done
Event: 850.635 Executing VM operation: Cleanup
Event: 850.635 Executing VM operation: Cleanup done
Event: 861.732 Executing VM operation: Cleanup
Event: 861.733 Executing VM operation: Cleanup done
Event: 862.983 Executing VM operation: HandshakeAllThreads
Event: 862.983 Executing VM operation: HandshakeAllThreads done
Event: 870.958 Executing VM operation: HandshakeAllThreads
Event: 870.958 Executing VM operation: HandshakeAllThreads done
Event: 870.958 Executing VM operation: Cleanup
Event: 870.958 Executing VM operation: Cleanup done
Event: 871.967 Executing VM operation: Cleanup
Event: 872.983 Executing VM operation: Cleanup done
Event: 876.010 Executing VM operation: Cleanup
Event: 876.907 Executing VM operation: Cleanup done
Event: 877.911 Executing VM operation: Cleanup
Event: 879.054 Executing VM operation: Cleanup done
Event: 880.056 Executing VM operation: Cleanup
Event: 880.056 Executing VM operation: Cleanup done

Events (20 events):
Event: 824.514 loading class java/lang/Throwable$PrintStreamOrWriter
Event: 824.739 loading class java/lang/Throwable$PrintStreamOrWriter done
Event: 824.739 loading class java/lang/Throwable$WrappedPrintWriter done
Event: 831.089 loading class java/util/logging/LogRecord
Event: 832.647 loading class java/util/logging/LogRecord done
Event: 832.747 Thread 0x000001df7bc0c220 Thread exited: 0x000001df7bc0c220
Event: 845.677 Thread 0x000001df7da38b20 Thread added: 0x000001df7da38b20
Event: 850.837 Thread 0x000001df7da38b20 Thread exited: 0x000001df7da38b20
Event: 854.023 Thread 0x000001df7e5f3a00 Thread exited: 0x000001df7e5f3a00
Event: 854.200 Thread 0x000001df7bc0bd50 Thread exited: 0x000001df7bc0bd50
Event: 855.804 Thread 0x000001df7db66550 Thread exited: 0x000001df7db66550
Event: 858.615 Thread 0x000001df79cf6040 Thread exited: 0x000001df79cf6040
Event: 858.725 Thread 0x000001df03ed0f00 Thread exited: 0x000001df03ed0f00
Event: 858.725 Thread 0x000001df03ed2240 Thread exited: 0x000001df03ed2240
Event: 858.731 Thread 0x000001df03ed2710 Thread exited: 0x000001df03ed2710
Event: 875.454 loading class java/io/NotSerializableException
Event: 876.895 loading class java/io/NotSerializableException done
Event: 877.555 loading class java/util/Collections$EmptyListIterator
Event: 879.042 loading class java/util/Collections$EmptyListIterator done
Event: 879.225 Thread 0x000001df7e5f43a0 Thread exited: 0x000001df7e5f43a0


Dynamic libraries:
0x00007ff6d6110000 - 0x00007ff6d611a000 	C:\Program Files\Android\Android Studio\jbr\bin\java.exe
0x00007ffb65490000 - 0x00007ffb65688000 	C:\Windows\SYSTEM32\ntdll.dll
0x00007ffb644e0000 - 0x00007ffb6459d000 	C:\Windows\System32\KERNEL32.DLL
0x00007ffb631a0000 - 0x00007ffb63496000 	C:\Windows\System32\KERNELBASE.dll
0x00007ffb62f60000 - 0x00007ffb63060000 	C:\Windows\System32\ucrtbase.dll
0x00007ffb403e0000 - 0x00007ffb403f7000 	C:\Program Files\Android\Android Studio\jbr\bin\jli.dll
0x00007ffb41060000 - 0x00007ffb4107b000 	C:\Program Files\Android\Android Studio\jbr\bin\VCRUNTIME140.dll
0x00007ffb65200000 - 0x00007ffb6539e000 	C:\Windows\System32\USER32.dll
0x00007ffb563c0000 - 0x00007ffb5665a000 	C:\Windows\WinSxS\amd64_microsoft.windows.common-controls_6595b64144ccf1df_6.0.19041.3636_none_60b6a03d71f818d5\COMCTL32.dll
0x00007ffb62f30000 - 0x00007ffb62f52000 	C:\Windows\System32\win32u.dll
0x00007ffb64f40000 - 0x00007ffb64fde000 	C:\Windows\System32\msvcrt.dll
0x00007ffb64610000 - 0x00007ffb6463c000 	C:\Windows\System32\GDI32.dll
0x00007ffb62d80000 - 0x00007ffb62e9a000 	C:\Windows\System32\gdi32full.dll
0x00007ffb63090000 - 0x00007ffb6312d000 	C:\Windows\System32\msvcp_win.dll
0x00007ffb63d60000 - 0x00007ffb63d90000 	C:\Windows\System32\IMM32.DLL
0x00007ffb52720000 - 0x00007ffb5272c000 	C:\Program Files\Android\Android Studio\jbr\bin\vcruntime140_1.dll
0x00007ffb38f70000 - 0x00007ffb38ffd000 	C:\Program Files\Android\Android Studio\jbr\bin\msvcp140.dll
0x00007ffb3cd80000 - 0x00007ffb3d9ed000 	C:\Program Files\Android\Android Studio\jbr\bin\server\jvm.dll
0x00007ffb653a0000 - 0x00007ffb6544f000 	C:\Windows\System32\ADVAPI32.dll
0x00007ffb63b80000 - 0x00007ffb63c1c000 	C:\Windows\System32\sechost.dll
0x00007ffb64fe0000 - 0x00007ffb65106000 	C:\Windows\System32\RPCRT4.dll
0x00007ffb59e70000 - 0x00007ffb59e97000 	C:\Windows\SYSTEM32\WINMM.dll
0x00007ffb57e10000 - 0x00007ffb57e19000 	C:\Windows\SYSTEM32\WSOCK32.dll
0x00007ffb63620000 - 0x00007ffb6368b000 	C:\Windows\System32\WS2_32.dll
0x00007ffb5c8c0000 - 0x00007ffb5c8ca000 	C:\Windows\SYSTEM32\VERSION.dll
0x00007ffb60a50000 - 0x00007ffb60a62000 	C:\Windows\SYSTEM32\kernel.appcore.dll
0x00007ffb5d8b0000 - 0x00007ffb5d8ba000 	C:\Program Files\Android\Android Studio\jbr\bin\jimage.dll
0x00007ffb58680000 - 0x00007ffb58864000 	C:\Windows\SYSTEM32\DBGHELP.DLL
0x00007ffb4afd0000 - 0x00007ffb4b004000 	C:\Windows\SYSTEM32\dbgcore.DLL
0x00007ffb62ea0000 - 0x00007ffb62f22000 	C:\Windows\System32\bcryptPrimitives.dll
0x00007ffb5d770000 - 0x00007ffb5d795000 	C:\Program Files\Android\Android Studio\jbr\bin\java.dll
0x00007ffb5d880000 - 0x00007ffb5d898000 	C:\Program Files\Android\Android Studio\jbr\bin\zip.dll
0x00007ffb63d90000 - 0x00007ffb644d4000 	C:\Windows\System32\SHELL32.dll
0x00007ffb60c50000 - 0x00007ffb613eb000 	C:\Windows\SYSTEM32\windows.storage.dll
0x00007ffb63730000 - 0x00007ffb63a84000 	C:\Windows\System32\combase.dll
0x00007ffb62540000 - 0x00007ffb6256d000 	C:\Windows\SYSTEM32\Wldp.dll
0x00007ffb64e90000 - 0x00007ffb64f3d000 	C:\Windows\System32\SHCORE.dll
0x00007ffb63b20000 - 0x00007ffb63b75000 	C:\Windows\System32\shlwapi.dll
0x00007ffb62aa0000 - 0x00007ffb62ac5000 	C:\Windows\SYSTEM32\profapi.dll
0x00007ffb5d750000 - 0x00007ffb5d769000 	C:\Program Files\Android\Android Studio\jbr\bin\net.dll
0x00007ffb5b620000 - 0x00007ffb5b72a000 	C:\Windows\SYSTEM32\WINHTTP.dll
0x00007ffb62240000 - 0x00007ffb622aa000 	C:\Windows\system32\mswsock.dll
0x00007ffb5d730000 - 0x00007ffb5d746000 	C:\Program Files\Android\Android Studio\jbr\bin\nio.dll
0x00007ffb5d6d0000 - 0x00007ffb5d6e0000 	C:\Program Files\Android\Android Studio\jbr\bin\verify.dll
0x00007ffb39a20000 - 0x00007ffb39a47000 	C:\Users\Marcelito\.gradle\native\68d5fa5c4cc2d200863cafc0d521ce42e7d3e7ee720ec0a83991735586a16f82\windows-amd64\native-platform.dll
0x00007ffb38e20000 - 0x00007ffb38f64000 	C:\Users\Marcelito\.gradle\native\e376f236ea51e6404a007f0833ffe2c6e607c4080706a723a18a27aeea778392\windows-amd64\native-platform-file-events.dll
0x00007ffb5d720000 - 0x00007ffb5d729000 	C:\Program Files\Android\Android Studio\jbr\bin\management.dll
0x00007ffb5d710000 - 0x00007ffb5d71b000 	C:\Program Files\Android\Android Studio\jbr\bin\management_ext.dll
0x00007ffb63c20000 - 0x00007ffb63c28000 	C:\Windows\System32\PSAPI.DLL
0x00007ffb624a0000 - 0x00007ffb624b8000 	C:\Windows\SYSTEM32\CRYPTSP.dll
0x00007ffb61b70000 - 0x00007ffb61ba4000 	C:\Windows\system32\rsaenh.dll
0x00007ffb63060000 - 0x00007ffb63087000 	C:\Windows\System32\bcrypt.dll
0x00007ffb62a60000 - 0x00007ffb62a8e000 	C:\Windows\SYSTEM32\USERENV.dll
0x00007ffb62490000 - 0x00007ffb6249c000 	C:\Windows\SYSTEM32\CRYPTBASE.dll
0x00007ffb61f30000 - 0x00007ffb61f6b000 	C:\Windows\SYSTEM32\IPHLPAPI.DLL
0x00007ffb65110000 - 0x00007ffb65118000 	C:\Windows\System32\NSI.dll
0x00007ffb5bbc0000 - 0x00007ffb5bbd7000 	C:\Windows\SYSTEM32\dhcpcsvc6.DLL
0x00007ffb5bb30000 - 0x00007ffb5bb4d000 	C:\Windows\SYSTEM32\dhcpcsvc.DLL
0x00007ffb61fd0000 - 0x00007ffb6209a000 	C:\Windows\SYSTEM32\DNSAPI.dll
0x00007ffb5d6c0000 - 0x00007ffb5d6c7000 	C:\Windows\system32\wshunix.dll
0x00007ffb41830000 - 0x00007ffb41847000 	C:\Windows\system32\napinsp.dll
0x00007ffb3fec0000 - 0x00007ffb3fedb000 	C:\Windows\system32\pnrpnsp.dll
0x00007ffb3fea0000 - 0x00007ffb3feb5000 	C:\Windows\system32\wshbth.dll
0x00007ffb5e650000 - 0x00007ffb5e66d000 	C:\Windows\system32\NLAapi.dll
0x00007ffb3f310000 - 0x00007ffb3f322000 	C:\Windows\System32\winrnr.dll
0x00007ffb5a170000 - 0x00007ffb5a17a000 	C:\Windows\System32\rasadhlp.dll
0x00007ffb53580000 - 0x00007ffb53600000 	C:\Windows\System32\fwpuclnt.dll
0x00007ffb61cb0000 - 0x00007ffb61ce3000 	C:\Windows\SYSTEM32\ntmarta.dll

dbghelp: loaded successfully - version: 4.0.5 - missing functions: none
symbol engine: initialized successfully - sym options: 0x614 - pdb path: .;C:\Program Files\Android\Android Studio\jbr\bin;C:\Windows\SYSTEM32;C:\Windows\WinSxS\amd64_microsoft.windows.common-controls_6595b64144ccf1df_6.0.19041.3636_none_60b6a03d71f818d5;C:\Program Files\Android\Android Studio\jbr\bin\server;C:\Users\Marcelito\.gradle\native\68d5fa5c4cc2d200863cafc0d521ce42e7d3e7ee720ec0a83991735586a16f82\windows-amd64;C:\Users\Marcelito\.gradle\native\e376f236ea51e6404a007f0833ffe2c6e607c4080706a723a18a27aeea778392\windows-amd64

VM Arguments:
jvm_args: --add-opens=java.base/java.util=ALL-UNNAMED --add-opens=java.base/java.lang=ALL-UNNAMED --add-opens=java.base/java.lang.invoke=ALL-UNNAMED --add-opens=java.prefs/java.util.prefs=ALL-UNNAMED --add-opens=java.base/java.nio.charset=ALL-UNNAMED --add-opens=java.base/java.net=ALL-UNNAMED --add-opens=java.base/java.util.concurrent.atomic=ALL-UNNAMED -Xmx2048m -Dfile.encoding=UTF-8 -Duser.country=ES -Duser.language=es -Duser.variant 
java_command: org.gradle.launcher.daemon.bootstrap.GradleDaemon 8.0
java_class_path (initial): C:\Users\Marcelito\.gradle\wrapper\dists\gradle-8.0-bin\ca5e32bp14vu59qr306oxotwh\gradle-8.0\lib\gradle-launcher-8.0.jar
Launcher Type: SUN_STANDARD

[Global flags]
     intx CICompilerCount                          = 3                                         {product} {ergonomic}
     uint ConcGCThreads                            = 1                                         {product} {ergonomic}
     uint G1ConcRefinementThreads                  = 4                                         {product} {ergonomic}
   size_t G1HeapRegionSize                         = 1048576                                   {product} {ergonomic}
    uintx GCDrainStackTargetSize                   = 64                                        {product} {ergonomic}
   size_t InitialHeapSize                          = 268435456                                 {product} {ergonomic}
   size_t MarkStackSize                            = 4194304                                   {product} {ergonomic}
   size_t MaxHeapSize                              = 2147483648                                {product} {command line}
   size_t MaxNewSize                               = 1287651328                                {product} {ergonomic}
   size_t MinHeapDeltaBytes                        = 1048576                                   {product} {ergonomic}
   size_t MinHeapSize                              = 8388608                                   {product} {ergonomic}
    uintx NonNMethodCodeHeapSize                   = 5832780                                {pd product} {ergonomic}
    uintx NonProfiledCodeHeapSize                  = 122912730                              {pd product} {ergonomic}
    uintx ProfiledCodeHeapSize                     = 122912730                              {pd product} {ergonomic}
    uintx ReservedCodeCacheSize                    = 251658240                              {pd product} {ergonomic}
     bool SegmentedCodeCache                       = true                                      {product} {ergonomic}
   size_t SoftMaxHeapSize                          = 2147483648                             {manageable} {ergonomic}
     bool UseCompressedClassPointers               = true                           {product lp64_product} {ergonomic}
     bool UseCompressedOops                        = true                           {product lp64_product} {ergonomic}
     bool UseG1GC                                  = true                                      {product} {ergonomic}
     bool UseLargePagesIndividualAllocation        = false                                  {pd product} {ergonomic}

Logging:
Log output configuration:
 #0: stdout all=warning uptime,level,tags
 #1: stderr all=off uptime,level,tags

Environment Variables:
JAVA_HOME=C:\Program Files\Java\jdk-17
PATH=C:\Program Files (x86)\Razer\ChromaBroadcast\bin;C:\Program Files\Razer\ChromaBroadcast\bin;C:\Python311\Scripts\;C:\Python311\;C:\Program Files (x86)\Common Files\Oracle\Java\javapath;C:\Program Files\Common Files\Oracle\Java\javapath;C:\Windows\system32;C:\Windows;C:\Windows\System32\Wbem;C:\Windows\System32\WindowsPowerShell\v1.0\;C:\Windows\System32\OpenSSH\;C:\Program Files (x86)\NVIDIA Corporation\PhysX\Common;C:\Program Files\Java\jre-1.8\bin;C:\Program Files\Java\jdk-17\bin;D:\idat 4 ciclo\Aplicaciones con enfoque orientado a servicios\SEMANA7\apache-maven-3.9.3\bin;C:\ProgramData\chocolatey\bin;C:\Program Files\nodejs\;C:\Program Files\Microsoft SQL Server\150\Tools\Binn\;C:\Program Files\Microsoft SQL Server\Client SDK\ODBC\170\Tools\Binn\;C:\Program Files (x86)\Microsoft SQL Server\160\Tools\Binn\;C:\Program Files\Microsoft SQL Server\160\Tools\Binn\;C:\Program Files\Microsoft SQL Server\160\DTS\Binn\;C:\Program Files (x86)\Microsoft SQL Server\160\DTS\Binn\;C:\Program Files\Azure Data Studio\bin;C:\Windows\system32\config\systemprofile\AppData\Local\Microsoft\WindowsApps;C:\Program Files\Git1\cmd;C:\Program Files\dotnet\;C:\Program Files\Microsoft SQL Server\130\DTS\Binn\;C:\Program Files\Microsoft SQL Server\140\DTS\Binn\;C:\Program Files\Microsoft SQL Server\150\DTS\Binn\;C:\Program Files\MySQL\MySQL Shell 8.0\bin\;C:\Users\Marcelito\AppData\Local\Microsoft\WindowsApps;;C:\Users\Marcelito\AppData\Local\Programs\Microsoft VS Code\bin;C:\Users\Marcelito\AppData\Roaming\npm;C:\Program Files\Azure Data Studio\bin;C:\Program Files\JetBrains\IntelliJ IDEA Community Edition 2023.2.2\bin;;C:\Users\Marcelito\.dotnet\tools
USERNAME=Marcelito
OS=Windows_NT
PROCESSOR_IDENTIFIER=Intel64 Family 6 Model 158 Stepping 11, GenuineIntel
TMP=C:\Users\MARCEL~1\AppData\Local\Temp
TEMP=C:\Users\MARCEL~1\AppData\Local\Temp



---------------  S Y S T E M  ---------------

OS:
 Windows 10 , 64 bit Build 19041 (10.0.19041.3636)
OS uptime: 2 days 11:02 hours

CPU: total 4 (initial active 4) (4 cores per cpu, 1 threads per core) family 6 model 158 stepping 11 microcode 0xd6, cx8, cmov, fxsr, mmx, 3dnowpref, sse, sse2, sse3, ssse3, sse4.1, sse4.2, popcnt, lzcnt, tsc, tscinvbit, avx, avx2, aes, erms, clmul, bmi1, bmi2, adx, fma, vzeroupper, clflush, clflushopt

Memory: 4k page, system-wide physical 16319M (1063M free)
TotalPageFile size 51501M (AvailPageFile size 4M)
current process WorkingSet (physical memory assigned to process): 196M, peak: 559M
current process commit charge ("private bytes"): 674M, peak: 685M

vm_info: OpenJDK 64-Bit Server VM (17.0.6+0-b2043.56-9586694) for windows-amd64 JRE (17.0.6+0-b2043.56-9586694), built on Feb  9 2023 20:06:20 by "androidbuild" with MS VC++ 16.10 / 16.11 (VS2019)

END.
